mode: set
github.com/pb33f/libopenapi/datamodel/high/node_builder.go:44.53,48.16 3 1
github.com/pb33f/libopenapi/datamodel/high/node_builder.go:48.16,50.3 1 1
github.com/pb33f/libopenapi/datamodel/high/node_builder.go:54.2,56.27 3 1
github.com/pb33f/libopenapi/datamodel/high/node_builder.go:56.27,58.3 1 1
github.com/pb33f/libopenapi/datamodel/high/node_builder.go:59.2,59.11 1 1
github.com/pb33f/libopenapi/datamodel/high/node_builder.go:62.46,65.35 1 1
github.com/pb33f/libopenapi/datamodel/high/node_builder.go:65.35,67.3 1 1
github.com/pb33f/libopenapi/datamodel/high/node_builder.go:71.2,71.25 1 1
github.com/pb33f/libopenapi/datamodel/high/node_builder.go:71.25,73.42 2 1
github.com/pb33f/libopenapi/datamodel/high/node_builder.go:73.42,80.56 5 1
github.com/pb33f/libopenapi/datamodel/high/node_builder.go:80.56,84.25 4 1
github.com/pb33f/libopenapi/datamodel/high/node_builder.go:85.22,86.55 1 1
github.com/pb33f/libopenapi/datamodel/high/node_builder.go:86.55,89.41 3 1
github.com/pb33f/libopenapi/datamodel/high/node_builder.go:89.41,90.29 1 1
github.com/pb33f/libopenapi/datamodel/high/node_builder.go:90.29,91.54 1 1
github.com/pb33f/libopenapi/datamodel/high/node_builder.go:91.54,94.10 2 1
github.com/pb33f/libopenapi/datamodel/high/node_builder.go:94.15,96.10 1 1
github.com/pb33f/libopenapi/datamodel/high/node_builder.go:98.8,98.11 1 1
github.com/pb33f/libopenapi/datamodel/high/node_builder.go:103.4,103.40 1 1
github.com/pb33f/libopenapi/datamodel/high/node_builder.go:106.3,106.9 1 1
github.com/pb33f/libopenapi/datamodel/high/node_builder.go:110.2,114.16 4 1
github.com/pb33f/libopenapi/datamodel/high/node_builder.go:114.16,116.3 1 1
github.com/pb33f/libopenapi/datamodel/high/node_builder.go:118.2,125.65 5 1
github.com/pb33f/libopenapi/datamodel/high/node_builder.go:125.65,127.3 1 1
github.com/pb33f/libopenapi/datamodel/high/node_builder.go:130.2,131.33 2 1
github.com/pb33f/libopenapi/datamodel/high/node_builder.go:131.33,133.3 1 1
github.com/pb33f/libopenapi/datamodel/high/node_builder.go:135.2,135.22 1 1
github.com/pb33f/libopenapi/datamodel/high/node_builder.go:136.40,139.62 3 1
github.com/pb33f/libopenapi/datamodel/high/node_builder.go:140.78,142.41 2 1
github.com/pb33f/libopenapi/datamodel/high/node_builder.go:143.22,144.35 1 1
github.com/pb33f/libopenapi/datamodel/high/node_builder.go:145.20,146.33 1 1
github.com/pb33f/libopenapi/datamodel/high/node_builder.go:147.21,148.24 1 1
github.com/pb33f/libopenapi/datamodel/high/node_builder.go:148.24,149.24 1 1
github.com/pb33f/libopenapi/datamodel/high/node_builder.go:149.24,151.5 1 1
github.com/pb33f/libopenapi/datamodel/high/node_builder.go:151.10,153.5 1 1
github.com/pb33f/libopenapi/datamodel/high/node_builder.go:154.9,155.76 1 1
github.com/pb33f/libopenapi/datamodel/high/node_builder.go:155.76,157.5 1 1
github.com/pb33f/libopenapi/datamodel/high/node_builder.go:159.19,160.21 1 1
github.com/pb33f/libopenapi/datamodel/high/node_builder.go:160.21,162.4 1 1
github.com/pb33f/libopenapi/datamodel/high/node_builder.go:163.19,164.40 1 1
github.com/pb33f/libopenapi/datamodel/high/node_builder.go:164.40,166.4 1 1
github.com/pb33f/libopenapi/datamodel/high/node_builder.go:167.10,168.22 1 1
github.com/pb33f/libopenapi/datamodel/high/node_builder.go:174.2,174.54 1 1
github.com/pb33f/libopenapi/datamodel/high/node_builder.go:174.54,184.23 5 1
github.com/pb33f/libopenapi/datamodel/high/node_builder.go:186.22,189.27 3 1
github.com/pb33f/libopenapi/datamodel/high/node_builder.go:189.27,191.44 2 1
github.com/pb33f/libopenapi/datamodel/high/node_builder.go:191.44,193.6 1 1
github.com/pb33f/libopenapi/datamodel/high/node_builder.go:195.4,195.42 1 1
github.com/pb33f/libopenapi/datamodel/high/node_builder.go:195.42,197.5 1 1
github.com/pb33f/libopenapi/datamodel/high/node_builder.go:198.4,200.9 3 1
github.com/pb33f/libopenapi/datamodel/high/node_builder.go:201.20,204.39 3 1
github.com/pb33f/libopenapi/datamodel/high/node_builder.go:204.39,205.56 1 1
github.com/pb33f/libopenapi/datamodel/high/node_builder.go:205.56,207.6 1 1
github.com/pb33f/libopenapi/datamodel/high/node_builder.go:209.4,210.28 2 1
github.com/pb33f/libopenapi/datamodel/high/node_builder.go:212.23,215.49 3 1
github.com/pb33f/libopenapi/datamodel/high/node_builder.go:215.49,216.25 1 1
github.com/pb33f/libopenapi/datamodel/high/node_builder.go:216.25,217.42 1 1
github.com/pb33f/libopenapi/datamodel/high/node_builder.go:217.42,220.12 3 1
github.com/pb33f/libopenapi/datamodel/high/node_builder.go:223.5,223.33 1 1
github.com/pb33f/libopenapi/datamodel/high/node_builder.go:223.33,226.6 2 1
github.com/pb33f/libopenapi/datamodel/high/node_builder.go:228.11,231.29 1 1
github.com/pb33f/libopenapi/datamodel/high/node_builder.go:234.2,234.28 1 1
github.com/pb33f/libopenapi/datamodel/high/node_builder.go:234.28,236.3 1 1
github.com/pb33f/libopenapi/datamodel/high/node_builder.go:239.54,245.2 5 1
github.com/pb33f/libopenapi/datamodel/high/node_builder.go:248.43,249.23 1 1
github.com/pb33f/libopenapi/datamodel/high/node_builder.go:249.23,251.3 1 1
github.com/pb33f/libopenapi/datamodel/high/node_builder.go:254.2,255.44 2 1
github.com/pb33f/libopenapi/datamodel/high/node_builder.go:255.44,257.17 2 1
github.com/pb33f/libopenapi/datamodel/high/node_builder.go:257.17,258.38 1 1
github.com/pb33f/libopenapi/datamodel/high/node_builder.go:258.38,261.5 2 1
github.com/pb33f/libopenapi/datamodel/high/node_builder.go:265.2,265.42 1 1
github.com/pb33f/libopenapi/datamodel/high/node_builder.go:265.42,266.41 1 1
github.com/pb33f/libopenapi/datamodel/high/node_builder.go:266.41,268.4 1 1
github.com/pb33f/libopenapi/datamodel/high/node_builder.go:269.3,269.15 1 1
github.com/pb33f/libopenapi/datamodel/high/node_builder.go:272.2,272.25 1 1
github.com/pb33f/libopenapi/datamodel/high/node_builder.go:272.25,275.3 2 1
github.com/pb33f/libopenapi/datamodel/high/node_builder.go:276.2,276.10 1 1
github.com/pb33f/libopenapi/datamodel/high/node_builder.go:282.83,283.24 1 1
github.com/pb33f/libopenapi/datamodel/high/node_builder.go:283.24,285.3 1 1
github.com/pb33f/libopenapi/datamodel/high/node_builder.go:288.2,290.21 3 1
github.com/pb33f/libopenapi/datamodel/high/node_builder.go:290.21,292.3 1 1
github.com/pb33f/libopenapi/datamodel/high/node_builder.go:294.2,299.18 5 1
github.com/pb33f/libopenapi/datamodel/high/node_builder.go:301.22,306.8 5 1
github.com/pb33f/libopenapi/datamodel/high/node_builder.go:308.20,310.11 2 1
github.com/pb33f/libopenapi/datamodel/high/node_builder.go:310.11,312.4 1 1
github.com/pb33f/libopenapi/datamodel/high/node_builder.go:312.9,314.4 1 1
github.com/pb33f/libopenapi/datamodel/high/node_builder.go:315.3,316.8 2 1
github.com/pb33f/libopenapi/datamodel/high/node_builder.go:318.19,322.8 4 1
github.com/pb33f/libopenapi/datamodel/high/node_builder.go:324.21,328.8 4 1
github.com/pb33f/libopenapi/datamodel/high/node_builder.go:330.23,334.8 4 1
github.com/pb33f/libopenapi/datamodel/high/node_builder.go:336.23,338.74 2 1
github.com/pb33f/libopenapi/datamodel/high/node_builder.go:338.74,340.4 1 1
github.com/pb33f/libopenapi/datamodel/high/node_builder.go:341.3,344.8 4 1
github.com/pb33f/libopenapi/datamodel/high/node_builder.go:346.19,353.33 3 1
github.com/pb33f/libopenapi/datamodel/high/node_builder.go:353.33,357.40 3 1
github.com/pb33f/libopenapi/datamodel/high/node_builder.go:357.40,359.5 1 1
github.com/pb33f/libopenapi/datamodel/high/node_builder.go:359.10,361.5 1 1
github.com/pb33f/libopenapi/datamodel/high/node_builder.go:364.4,365.63 2 1
github.com/pb33f/libopenapi/datamodel/high/node_builder.go:365.63,369.46 4 1
github.com/pb33f/libopenapi/datamodel/high/node_builder.go:369.46,372.48 2 1
github.com/pb33f/libopenapi/datamodel/high/node_builder.go:372.48,376.24 4 1
github.com/pb33f/libopenapi/datamodel/high/node_builder.go:376.24,384.8 1 1
github.com/pb33f/libopenapi/datamodel/high/node_builder.go:385.12,389.7 2 1
github.com/pb33f/libopenapi/datamodel/high/node_builder.go:390.11,398.6 1 1
github.com/pb33f/libopenapi/datamodel/high/node_builder.go:399.10,407.5 1 1
github.com/pb33f/libopenapi/datamodel/high/node_builder.go:411.3,411.53 1 1
github.com/pb33f/libopenapi/datamodel/high/node_builder.go:411.53,413.4 1 1
github.com/pb33f/libopenapi/datamodel/high/node_builder.go:416.3,419.40 2 1
github.com/pb33f/libopenapi/datamodel/high/node_builder.go:419.40,421.4 1 1
github.com/pb33f/libopenapi/datamodel/high/node_builder.go:422.3,422.25 1 1
github.com/pb33f/libopenapi/datamodel/high/node_builder.go:422.25,424.4 1 1
github.com/pb33f/libopenapi/datamodel/high/node_builder.go:426.21,432.32 5 1
github.com/pb33f/libopenapi/datamodel/high/node_builder.go:432.32,435.43 2 1
github.com/pb33f/libopenapi/datamodel/high/node_builder.go:435.43,436.19 1 1
github.com/pb33f/libopenapi/datamodel/high/node_builder.go:436.19,438.51 2 1
github.com/pb33f/libopenapi/datamodel/high/node_builder.go:438.51,441.44 2 1
github.com/pb33f/libopenapi/datamodel/high/node_builder.go:441.44,442.22 1 1
github.com/pb33f/libopenapi/datamodel/high/node_builder.go:442.22,446.9 3 1
github.com/pb33f/libopenapi/datamodel/high/node_builder.go:446.14,448.9 1 1
github.com/pb33f/libopenapi/datamodel/high/node_builder.go:449.13,451.8 1 1
github.com/pb33f/libopenapi/datamodel/high/node_builder.go:455.4,455.13 1 1
github.com/pb33f/libopenapi/datamodel/high/node_builder.go:455.13,456.39 1 1
github.com/pb33f/libopenapi/datamodel/high/node_builder.go:456.39,458.20 2 1
github.com/pb33f/libopenapi/datamodel/high/node_builder.go:458.20,460.7 1 1
github.com/pb33f/libopenapi/datamodel/high/node_builder.go:460.12,462.45 1 1
github.com/pb33f/libopenapi/datamodel/high/node_builder.go:462.45,464.8 1 1
github.com/pb33f/libopenapi/datamodel/high/node_builder.go:464.13,466.8 1 1
github.com/pb33f/libopenapi/datamodel/high/node_builder.go:469.6,469.40 1 1
github.com/pb33f/libopenapi/datamodel/high/node_builder.go:469.40,471.7 1 1
github.com/pb33f/libopenapi/datamodel/high/node_builder.go:472.6,472.39 1 1
github.com/pb33f/libopenapi/datamodel/high/node_builder.go:472.39,475.7 2 1
github.com/pb33f/libopenapi/datamodel/high/node_builder.go:480.3,480.26 1 1
github.com/pb33f/libopenapi/datamodel/high/node_builder.go:480.26,482.9 2 1
github.com/pb33f/libopenapi/datamodel/high/node_builder.go:484.3,484.11 1 1
github.com/pb33f/libopenapi/datamodel/high/node_builder.go:484.11,485.9 1 0
github.com/pb33f/libopenapi/datamodel/high/node_builder.go:488.3,489.17 2 1
github.com/pb33f/libopenapi/datamodel/high/node_builder.go:489.17,491.4 1 0
github.com/pb33f/libopenapi/datamodel/high/node_builder.go:491.9,493.4 1 1
github.com/pb33f/libopenapi/datamodel/high/node_builder.go:495.22,496.51 1 1
github.com/pb33f/libopenapi/datamodel/high/node_builder.go:496.51,498.9 2 1
github.com/pb33f/libopenapi/datamodel/high/node_builder.go:500.3,500.54 1 1
github.com/pb33f/libopenapi/datamodel/high/node_builder.go:500.54,502.9 2 1
github.com/pb33f/libopenapi/datamodel/high/node_builder.go:504.3,504.53 1 1
github.com/pb33f/libopenapi/datamodel/high/node_builder.go:504.53,506.9 2 1
github.com/pb33f/libopenapi/datamodel/high/node_builder.go:508.3,508.16 1 1
github.com/pb33f/libopenapi/datamodel/high/node_builder.go:510.19,511.38 1 1
github.com/pb33f/libopenapi/datamodel/high/node_builder.go:511.38,512.44 1 1
github.com/pb33f/libopenapi/datamodel/high/node_builder.go:512.44,513.33 1 1
github.com/pb33f/libopenapi/datamodel/high/node_builder.go:513.33,515.21 2 1
github.com/pb33f/libopenapi/datamodel/high/node_builder.go:515.21,516.61 1 1
github.com/pb33f/libopenapi/datamodel/high/node_builder.go:516.61,517.22 1 1
github.com/pb33f/libopenapi/datamodel/high/node_builder.go:517.22,523.14 5 1
github.com/pb33f/libopenapi/datamodel/high/node_builder.go:529.4,530.18 2 1
github.com/pb33f/libopenapi/datamodel/high/node_builder.go:530.18,532.5 1 1
github.com/pb33f/libopenapi/datamodel/high/node_builder.go:532.10,535.42 1 1
github.com/pb33f/libopenapi/datamodel/high/node_builder.go:535.42,537.6 1 1
github.com/pb33f/libopenapi/datamodel/high/node_builder.go:537.11,539.6 1 1
github.com/pb33f/libopenapi/datamodel/high/node_builder.go:541.4,541.24 1 1
github.com/pb33f/libopenapi/datamodel/high/node_builder.go:541.24,542.44 1 1
github.com/pb33f/libopenapi/datamodel/high/node_builder.go:542.44,544.6 1 1
github.com/pb33f/libopenapi/datamodel/high/node_builder.go:545.5,545.43 1 1
github.com/pb33f/libopenapi/datamodel/high/node_builder.go:545.43,548.6 2 1
github.com/pb33f/libopenapi/datamodel/high/node_builder.go:550.9,554.36 2 1
github.com/pb33f/libopenapi/datamodel/high/node_builder.go:554.36,556.11 2 1
github.com/pb33f/libopenapi/datamodel/high/node_builder.go:556.11,559.6 2 1
github.com/pb33f/libopenapi/datamodel/high/node_builder.go:559.11,560.26 1 1
github.com/pb33f/libopenapi/datamodel/high/node_builder.go:560.26,563.7 2 1
github.com/pb33f/libopenapi/datamodel/high/node_builder.go:566.4,566.37 1 1
github.com/pb33f/libopenapi/datamodel/high/node_builder.go:566.37,568.15 2 1
github.com/pb33f/libopenapi/datamodel/high/node_builder.go:568.15,571.6 2 1
github.com/pb33f/libopenapi/datamodel/high/node_builder.go:573.4,573.39 1 1
github.com/pb33f/libopenapi/datamodel/high/node_builder.go:573.39,575.15 2 1
github.com/pb33f/libopenapi/datamodel/high/node_builder.go:575.15,578.6 2 1
github.com/pb33f/libopenapi/datamodel/high/node_builder.go:580.4,580.19 1 1
github.com/pb33f/libopenapi/datamodel/high/node_builder.go:580.19,583.19 3 1
github.com/pb33f/libopenapi/datamodel/high/node_builder.go:583.19,585.6 1 0
github.com/pb33f/libopenapi/datamodel/high/node_builder.go:585.11,588.6 2 1
github.com/pb33f/libopenapi/datamodel/high/node_builder.go:593.2,593.22 1 1
github.com/pb33f/libopenapi/datamodel/high/node_builder.go:593.22,595.3 1 0
github.com/pb33f/libopenapi/datamodel/high/node_builder.go:596.2,596.14 1 1
github.com/pb33f/libopenapi/datamodel/high/node_builder.go:596.14,598.3 1 1
github.com/pb33f/libopenapi/datamodel/high/node_builder.go:598.8,600.3 1 1
github.com/pb33f/libopenapi/datamodel/high/node_builder.go:601.2,601.15 1 1
github.com/pb33f/libopenapi/datamodel/high/node_builder.go:604.128,605.34 1 1
github.com/pb33f/libopenapi/datamodel/high/node_builder.go:605.34,607.43 2 1
github.com/pb33f/libopenapi/datamodel/high/node_builder.go:607.43,609.15 2 1
github.com/pb33f/libopenapi/datamodel/high/node_builder.go:609.15,616.5 1 1
github.com/pb33f/libopenapi/datamodel/high/node_builder.go:617.9,624.4 1 1
github.com/pb33f/libopenapi/datamodel/high/node_builder.go:626.2,626.26 1 1
github.com/pb33f/libopenapi/datamodel/high/node_builder.go:629.168,630.34 1 1
github.com/pb33f/libopenapi/datamodel/high/node_builder.go:630.34,632.42 2 1
github.com/pb33f/libopenapi/datamodel/high/node_builder.go:632.42,634.15 2 1
github.com/pb33f/libopenapi/datamodel/high/node_builder.go:634.15,642.5 2 1
github.com/pb33f/libopenapi/datamodel/high/node_builder.go:643.9,645.15 2 1
github.com/pb33f/libopenapi/datamodel/high/node_builder.go:645.15,654.5 2 1
github.com/pb33f/libopenapi/datamodel/high/node_builder.go:657.2,657.33 1 1
github.com/pb33f/libopenapi/datamodel/high/shared.go:40.104,42.31 2 1
github.com/pb33f/libopenapi/datamodel/high/shared.go:42.31,44.3 1 1
github.com/pb33f/libopenapi/datamodel/high/shared.go:45.2,45.18 1 1
github.com/pb33f/libopenapi/datamodel/high/shared.go:64.93,67.21 3 1
github.com/pb33f/libopenapi/datamodel/high/shared.go:67.21,72.17 5 1
github.com/pb33f/libopenapi/datamodel/high/shared.go:72.17,74.4 1 1
github.com/pb33f/libopenapi/datamodel/high/shared.go:75.3,75.13 1 1
github.com/pb33f/libopenapi/datamodel/high/shared.go:77.2,77.15 1 1
github.com/pb33f/libopenapi/datamodel/document_config.go:40.60,45.2 1 1
github.com/pb33f/libopenapi/datamodel/document_config.go:47.62,52.2 1 1
github.com/pb33f/libopenapi/datamodel/spec_info.go:45.54,47.2 1 1
github.com/pb33f/libopenapi/datamodel/spec_info.go:54.54,65.21 6 1
github.com/pb33f/libopenapi/datamodel/spec_info.go:65.21,67.3 1 1
github.com/pb33f/libopenapi/datamodel/spec_info.go:69.2,69.51 1 1
github.com/pb33f/libopenapi/datamodel/spec_info.go:69.51,71.3 1 1
github.com/pb33f/libopenapi/datamodel/spec_info.go:71.8,73.3 1 1
github.com/pb33f/libopenapi/datamodel/spec_info.go:75.2,76.16 2 1
github.com/pb33f/libopenapi/datamodel/spec_info.go:76.16,78.3 1 1
github.com/pb33f/libopenapi/datamodel/spec_info.go:80.2,86.73 5 1
github.com/pb33f/libopenapi/datamodel/spec_info.go:86.73,89.38 2 1
github.com/pb33f/libopenapi/datamodel/spec_info.go:89.38,90.24 1 1
github.com/pb33f/libopenapi/datamodel/spec_info.go:91.24,92.41 1 1
github.com/pb33f/libopenapi/datamodel/spec_info.go:93.12,94.40 1 1
github.com/pb33f/libopenapi/datamodel/spec_info.go:97.3,97.38 1 1
github.com/pb33f/libopenapi/datamodel/spec_info.go:97.38,99.4 1 1
github.com/pb33f/libopenapi/datamodel/spec_info.go:101.3,101.34 1 1
github.com/pb33f/libopenapi/datamodel/spec_info.go:101.34,106.4 4 1
github.com/pb33f/libopenapi/datamodel/spec_info.go:106.9,110.4 3 1
github.com/pb33f/libopenapi/datamodel/spec_info.go:111.3,111.33 1 1
github.com/pb33f/libopenapi/datamodel/spec_info.go:115.2,115.21 1 1
github.com/pb33f/libopenapi/datamodel/spec_info.go:115.21,117.26 2 1
github.com/pb33f/libopenapi/datamodel/spec_info.go:117.26,119.4 1 1
github.com/pb33f/libopenapi/datamodel/spec_info.go:121.3,129.23 5 1
github.com/pb33f/libopenapi/datamodel/spec_info.go:129.23,132.4 2 1
github.com/pb33f/libopenapi/datamodel/spec_info.go:135.2,135.21 1 1
github.com/pb33f/libopenapi/datamodel/spec_info.go:135.21,137.26 2 1
github.com/pb33f/libopenapi/datamodel/spec_info.go:137.26,139.4 1 1
github.com/pb33f/libopenapi/datamodel/spec_info.go:141.3,149.23 5 1
github.com/pb33f/libopenapi/datamodel/spec_info.go:149.23,152.4 2 1
github.com/pb33f/libopenapi/datamodel/spec_info.go:154.2,154.21 1 1
github.com/pb33f/libopenapi/datamodel/spec_info.go:154.21,156.24 2 1
github.com/pb33f/libopenapi/datamodel/spec_info.go:156.24,158.4 1 1
github.com/pb33f/libopenapi/datamodel/spec_info.go:160.3,168.23 4 1
github.com/pb33f/libopenapi/datamodel/spec_info.go:168.23,171.4 2 1
github.com/pb33f/libopenapi/datamodel/spec_info.go:174.2,174.32 1 1
github.com/pb33f/libopenapi/datamodel/spec_info.go:174.32,179.3 3 1
github.com/pb33f/libopenapi/datamodel/spec_info.go:182.2,184.25 2 1
github.com/pb33f/libopenapi/datamodel/spec_info.go:188.63,190.17 2 1
github.com/pb33f/libopenapi/datamodel/spec_info.go:190.17,192.3 1 1
github.com/pb33f/libopenapi/datamodel/spec_info.go:193.2,193.40 1 1
github.com/pb33f/libopenapi/datamodel/low/extraction_functions.go:21.114,22.31 1 1
github.com/pb33f/libopenapi/datamodel/low/extraction_functions.go:22.31,23.22 1 1
github.com/pb33f/libopenapi/datamodel/low/extraction_functions.go:23.22,25.4 1 1
github.com/pb33f/libopenapi/datamodel/low/extraction_functions.go:26.3,26.39 1 1
github.com/pb33f/libopenapi/datamodel/low/extraction_functions.go:26.39,28.4 1 1
github.com/pb33f/libopenapi/datamodel/low/extraction_functions.go:30.2,30.12 1 1
github.com/pb33f/libopenapi/datamodel/low/extraction_functions.go:34.89,48.2 1 1
github.com/pb33f/libopenapi/datamodel/low/extraction_functions.go:52.79,53.49 1 1
github.com/pb33f/libopenapi/datamodel/low/extraction_functions.go:53.49,62.31 3 1
github.com/pb33f/libopenapi/datamodel/low/extraction_functions.go:62.31,64.45 2 1
github.com/pb33f/libopenapi/datamodel/low/extraction_functions.go:64.45,67.5 2 1
github.com/pb33f/libopenapi/datamodel/low/extraction_functions.go:70.3,71.42 2 1
github.com/pb33f/libopenapi/datamodel/low/extraction_functions.go:71.42,73.40 2 1
github.com/pb33f/libopenapi/datamodel/low/extraction_functions.go:73.40,77.61 1 1
github.com/pb33f/libopenapi/datamodel/low/extraction_functions.go:77.61,79.42 1 1
github.com/pb33f/libopenapi/datamodel/low/extraction_functions.go:79.42,81.7 1 1
github.com/pb33f/libopenapi/datamodel/low/extraction_functions.go:81.12,87.7 1 1
github.com/pb33f/libopenapi/datamodel/low/extraction_functions.go:89.5,89.31 1 1
github.com/pb33f/libopenapi/datamodel/low/extraction_functions.go:94.3,95.25 2 1
github.com/pb33f/libopenapi/datamodel/low/extraction_functions.go:95.25,97.4 1 0
github.com/pb33f/libopenapi/datamodel/low/extraction_functions.go:102.3,103.21 2 1
github.com/pb33f/libopenapi/datamodel/low/extraction_functions.go:103.21,105.18 2 1
github.com/pb33f/libopenapi/datamodel/low/extraction_functions.go:105.18,107.20 2 1
github.com/pb33f/libopenapi/datamodel/low/extraction_functions.go:107.20,108.24 1 1
github.com/pb33f/libopenapi/datamodel/low/extraction_functions.go:108.24,110.7 1 1
github.com/pb33f/libopenapi/datamodel/low/extraction_functions.go:114.3,115.31 1 1
github.com/pb33f/libopenapi/datamodel/low/extraction_functions.go:117.2,117.17 1 1
github.com/pb33f/libopenapi/datamodel/low/extraction_functions.go:122.110,126.47 4 1
github.com/pb33f/libopenapi/datamodel/low/extraction_functions.go:126.47,128.17 2 1
github.com/pb33f/libopenapi/datamodel/low/extraction_functions.go:128.17,132.18 4 1
github.com/pb33f/libopenapi/datamodel/low/extraction_functions.go:132.18,134.5 1 1
github.com/pb33f/libopenapi/datamodel/low/extraction_functions.go:135.9,136.18 1 1
github.com/pb33f/libopenapi/datamodel/low/extraction_functions.go:136.18,138.5 1 1
github.com/pb33f/libopenapi/datamodel/low/extraction_functions.go:141.2,143.16 3 1
github.com/pb33f/libopenapi/datamodel/low/extraction_functions.go:143.16,145.3 1 1
github.com/pb33f/libopenapi/datamodel/low/extraction_functions.go:146.2,147.16 2 1
github.com/pb33f/libopenapi/datamodel/low/extraction_functions.go:147.16,149.3 1 1
github.com/pb33f/libopenapi/datamodel/low/extraction_functions.go:152.2,152.17 1 1
github.com/pb33f/libopenapi/datamodel/low/extraction_functions.go:152.17,154.3 1 1
github.com/pb33f/libopenapi/datamodel/low/extraction_functions.go:157.2,157.64 1 1
github.com/pb33f/libopenapi/datamodel/low/extraction_functions.go:157.64,159.3 1 1
github.com/pb33f/libopenapi/datamodel/low/extraction_functions.go:160.2,160.44 1 1
github.com/pb33f/libopenapi/datamodel/low/extraction_functions.go:165.122,170.54 5 1
github.com/pb33f/libopenapi/datamodel/low/extraction_functions.go:170.54,172.17 2 1
github.com/pb33f/libopenapi/datamodel/low/extraction_functions.go:172.17,177.18 5 1
github.com/pb33f/libopenapi/datamodel/low/extraction_functions.go:177.18,179.5 1 1
github.com/pb33f/libopenapi/datamodel/low/extraction_functions.go:180.9,181.18 1 1
github.com/pb33f/libopenapi/datamodel/low/extraction_functions.go:181.18,183.5 1 1
github.com/pb33f/libopenapi/datamodel/low/extraction_functions.go:185.8,187.16 2 1
github.com/pb33f/libopenapi/datamodel/low/extraction_functions.go:187.16,188.49 1 1
github.com/pb33f/libopenapi/datamodel/low/extraction_functions.go:188.49,190.19 2 1
github.com/pb33f/libopenapi/datamodel/low/extraction_functions.go:190.19,194.21 4 1
github.com/pb33f/libopenapi/datamodel/low/extraction_functions.go:194.21,196.7 1 1
github.com/pb33f/libopenapi/datamodel/low/extraction_functions.go:197.11,198.21 1 1
github.com/pb33f/libopenapi/datamodel/low/extraction_functions.go:198.21,200.7 1 1
github.com/pb33f/libopenapi/datamodel/low/extraction_functions.go:205.2,207.16 3 1
github.com/pb33f/libopenapi/datamodel/low/extraction_functions.go:207.16,209.3 1 1
github.com/pb33f/libopenapi/datamodel/low/extraction_functions.go:210.2,210.15 1 1
github.com/pb33f/libopenapi/datamodel/low/extraction_functions.go:210.15,212.3 1 1
github.com/pb33f/libopenapi/datamodel/low/extraction_functions.go:213.2,214.16 2 1
github.com/pb33f/libopenapi/datamodel/low/extraction_functions.go:214.16,216.3 1 1
github.com/pb33f/libopenapi/datamodel/low/extraction_functions.go:219.2,219.17 1 1
github.com/pb33f/libopenapi/datamodel/low/extraction_functions.go:219.17,221.3 1 1
github.com/pb33f/libopenapi/datamodel/low/extraction_functions.go:223.2,232.64 2 1
github.com/pb33f/libopenapi/datamodel/low/extraction_functions.go:232.64,234.3 1 1
github.com/pb33f/libopenapi/datamodel/low/extraction_functions.go:235.2,235.17 1 1
github.com/pb33f/libopenapi/datamodel/low/extraction_functions.go:238.40,239.16 1 1
github.com/pb33f/libopenapi/datamodel/low/extraction_functions.go:239.16,241.3 1 1
github.com/pb33f/libopenapi/datamodel/low/extraction_functions.go:242.2,242.37 1 1
github.com/pb33f/libopenapi/datamodel/low/extraction_functions.go:242.37,244.3 1 1
github.com/pb33f/libopenapi/datamodel/low/extraction_functions.go:251.3,254.49 3 1
github.com/pb33f/libopenapi/datamodel/low/extraction_functions.go:254.49,256.17 2 1
github.com/pb33f/libopenapi/datamodel/low/extraction_functions.go:256.17,259.18 3 1
github.com/pb33f/libopenapi/datamodel/low/extraction_functions.go:259.18,261.5 1 1
github.com/pb33f/libopenapi/datamodel/low/extraction_functions.go:262.9,265.4 1 1
github.com/pb33f/libopenapi/datamodel/low/extraction_functions.go:266.8,268.16 2 1
github.com/pb33f/libopenapi/datamodel/low/extraction_functions.go:268.16,269.46 1 1
github.com/pb33f/libopenapi/datamodel/low/extraction_functions.go:269.46,271.19 2 1
github.com/pb33f/libopenapi/datamodel/low/extraction_functions.go:271.19,274.20 2 1
github.com/pb33f/libopenapi/datamodel/low/extraction_functions.go:274.20,276.7 1 1
github.com/pb33f/libopenapi/datamodel/low/extraction_functions.go:277.11,278.20 1 1
github.com/pb33f/libopenapi/datamodel/low/extraction_functions.go:278.20,281.7 1 1
github.com/pb33f/libopenapi/datamodel/low/extraction_functions.go:287.2,288.28 2 1
github.com/pb33f/libopenapi/datamodel/low/extraction_functions.go:288.28,289.29 1 1
github.com/pb33f/libopenapi/datamodel/low/extraction_functions.go:289.29,291.4 1 1
github.com/pb33f/libopenapi/datamodel/low/extraction_functions.go:292.3,292.35 1 1
github.com/pb33f/libopenapi/datamodel/low/extraction_functions.go:292.35,296.51 2 1
github.com/pb33f/libopenapi/datamodel/low/extraction_functions.go:296.51,298.20 2 1
github.com/pb33f/libopenapi/datamodel/low/extraction_functions.go:298.20,302.20 3 1
github.com/pb33f/libopenapi/datamodel/low/extraction_functions.go:302.20,304.7 1 1
github.com/pb33f/libopenapi/datamodel/low/extraction_functions.go:305.11,306.20 1 1
github.com/pb33f/libopenapi/datamodel/low/extraction_functions.go:306.20,309.7 1 1
github.com/pb33f/libopenapi/datamodel/low/extraction_functions.go:312.4,314.18 3 1
github.com/pb33f/libopenapi/datamodel/low/extraction_functions.go:314.18,316.5 1 1
github.com/pb33f/libopenapi/datamodel/low/extraction_functions.go:317.4,318.19 2 1
github.com/pb33f/libopenapi/datamodel/low/extraction_functions.go:318.19,320.5 1 1
github.com/pb33f/libopenapi/datamodel/low/extraction_functions.go:322.4,322.33 1 1
github.com/pb33f/libopenapi/datamodel/low/extraction_functions.go:322.33,324.5 1 1
github.com/pb33f/libopenapi/datamodel/low/extraction_functions.go:326.4,331.6 1 1
github.com/pb33f/libopenapi/datamodel/low/extraction_functions.go:335.2,335.64 1 1
github.com/pb33f/libopenapi/datamodel/low/extraction_functions.go:335.64,337.3 1 1
github.com/pb33f/libopenapi/datamodel/low/extraction_functions.go:338.2,338.27 1 1
github.com/pb33f/libopenapi/datamodel/low/extraction_functions.go:343.70,345.30 2 1
github.com/pb33f/libopenapi/datamodel/low/extraction_functions.go:345.30,349.3 3 1
github.com/pb33f/libopenapi/datamodel/low/extraction_functions.go:350.2,350.32 1 1
github.com/pb33f/libopenapi/datamodel/low/extraction_functions.go:350.32,354.3 3 1
github.com/pb33f/libopenapi/datamodel/low/extraction_functions.go:355.2,355.12 1 1
github.com/pb33f/libopenapi/datamodel/low/extraction_functions.go:367.56,370.27 3 1
github.com/pb33f/libopenapi/datamodel/low/extraction_functions.go:370.27,373.37 3 1
github.com/pb33f/libopenapi/datamodel/low/extraction_functions.go:373.37,374.26 1 1
github.com/pb33f/libopenapi/datamodel/low/extraction_functions.go:374.26,375.61 1 1
github.com/pb33f/libopenapi/datamodel/low/extraction_functions.go:375.61,377.14 2 1
github.com/pb33f/libopenapi/datamodel/low/extraction_functions.go:380.4,380.12 1 1
github.com/pb33f/libopenapi/datamodel/low/extraction_functions.go:380.12,382.13 2 1
github.com/pb33f/libopenapi/datamodel/low/extraction_functions.go:384.4,384.16 1 1
github.com/pb33f/libopenapi/datamodel/low/extraction_functions.go:384.16,386.13 2 1
github.com/pb33f/libopenapi/datamodel/low/extraction_functions.go:389.4,392.49 3 1
github.com/pb33f/libopenapi/datamodel/low/extraction_functions.go:392.49,394.19 2 1
github.com/pb33f/libopenapi/datamodel/low/extraction_functions.go:394.19,398.20 4 1
github.com/pb33f/libopenapi/datamodel/low/extraction_functions.go:398.20,400.7 1 1
github.com/pb33f/libopenapi/datamodel/low/extraction_functions.go:401.11,402.20 1 1
github.com/pb33f/libopenapi/datamodel/low/extraction_functions.go:402.20,404.7 1 1
github.com/pb33f/libopenapi/datamodel/low/extraction_functions.go:408.4,410.18 3 1
github.com/pb33f/libopenapi/datamodel/low/extraction_functions.go:410.18,412.5 1 1
github.com/pb33f/libopenapi/datamodel/low/extraction_functions.go:413.4,414.19 2 1
github.com/pb33f/libopenapi/datamodel/low/extraction_functions.go:414.19,416.5 1 1
github.com/pb33f/libopenapi/datamodel/low/extraction_functions.go:417.4,417.19 1 1
github.com/pb33f/libopenapi/datamodel/low/extraction_functions.go:417.19,419.5 1 1
github.com/pb33f/libopenapi/datamodel/low/extraction_functions.go:420.4,420.25 1 1
github.com/pb33f/libopenapi/datamodel/low/extraction_functions.go:420.25,430.5 1 1
github.com/pb33f/libopenapi/datamodel/low/extraction_functions.go:433.2,433.64 1 1
github.com/pb33f/libopenapi/datamodel/low/extraction_functions.go:433.64,435.3 1 1
github.com/pb33f/libopenapi/datamodel/low/extraction_functions.go:436.2,436.22 1 1
github.com/pb33f/libopenapi/datamodel/low/extraction_functions.go:448.56,450.2 1 1
github.com/pb33f/libopenapi/datamodel/low/extraction_functions.go:468.80,473.50 4 1
github.com/pb33f/libopenapi/datamodel/low/extraction_functions.go:473.50,476.17 2 1
github.com/pb33f/libopenapi/datamodel/low/extraction_functions.go:476.17,481.18 4 1
github.com/pb33f/libopenapi/datamodel/low/extraction_functions.go:481.18,483.5 1 1
github.com/pb33f/libopenapi/datamodel/low/extraction_functions.go:484.9,487.4 1 1
github.com/pb33f/libopenapi/datamodel/low/extraction_functions.go:488.8,490.23 2 1
github.com/pb33f/libopenapi/datamodel/low/extraction_functions.go:490.23,491.55 1 1
github.com/pb33f/libopenapi/datamodel/low/extraction_functions.go:491.55,493.19 2 1
github.com/pb33f/libopenapi/datamodel/low/extraction_functions.go:493.19,497.20 3 1
github.com/pb33f/libopenapi/datamodel/low/extraction_functions.go:497.20,499.7 1 1
github.com/pb33f/libopenapi/datamodel/low/extraction_functions.go:500.11,501.20 1 1
github.com/pb33f/libopenapi/datamodel/low/extraction_functions.go:501.20,504.7 1 1
github.com/pb33f/libopenapi/datamodel/low/extraction_functions.go:509.2,509.22 1 1
github.com/pb33f/libopenapi/datamodel/low/extraction_functions.go:509.22,516.111 5 1
github.com/pb33f/libopenapi/datamodel/low/extraction_functions.go:516.111,520.18 4 1
github.com/pb33f/libopenapi/datamodel/low/extraction_functions.go:520.18,523.5 2 1
github.com/pb33f/libopenapi/datamodel/low/extraction_functions.go:526.4,526.17 1 1
github.com/pb33f/libopenapi/datamodel/low/extraction_functions.go:526.17,529.5 1 1
github.com/pb33f/libopenapi/datamodel/low/extraction_functions.go:531.4,542.5 1 1
github.com/pb33f/libopenapi/datamodel/low/extraction_functions.go:545.3,546.40 2 1
github.com/pb33f/libopenapi/datamodel/low/extraction_functions.go:546.40,548.16 2 1
github.com/pb33f/libopenapi/datamodel/low/extraction_functions.go:548.16,550.13 2 1
github.com/pb33f/libopenapi/datamodel/low/extraction_functions.go:553.4,553.51 1 1
github.com/pb33f/libopenapi/datamodel/low/extraction_functions.go:553.51,555.19 2 1
github.com/pb33f/libopenapi/datamodel/low/extraction_functions.go:555.19,558.20 3 1
github.com/pb33f/libopenapi/datamodel/low/extraction_functions.go:558.20,560.7 1 1
github.com/pb33f/libopenapi/datamodel/low/extraction_functions.go:561.11,562.20 1 1
github.com/pb33f/libopenapi/datamodel/low/extraction_functions.go:562.20,565.7 1 1
github.com/pb33f/libopenapi/datamodel/low/extraction_functions.go:569.4,569.19 1 1
github.com/pb33f/libopenapi/datamodel/low/extraction_functions.go:569.19,570.56 1 1
github.com/pb33f/libopenapi/datamodel/low/extraction_functions.go:570.56,571.14 1 1
github.com/pb33f/libopenapi/datamodel/low/extraction_functions.go:574.4,575.67 2 1
github.com/pb33f/libopenapi/datamodel/low/extraction_functions.go:578.3,579.33 2 1
github.com/pb33f/libopenapi/datamodel/low/extraction_functions.go:579.33,580.11 1 1
github.com/pb33f/libopenapi/datamodel/low/extraction_functions.go:581.24,582.47 1 1
github.com/pb33f/libopenapi/datamodel/low/extraction_functions.go:583.24,585.28 2 1
github.com/pb33f/libopenapi/datamodel/low/extraction_functions.go:588.3,588.65 1 1
github.com/pb33f/libopenapi/datamodel/low/extraction_functions.go:588.65,590.4 1 1
github.com/pb33f/libopenapi/datamodel/low/extraction_functions.go:591.3,591.45 1 1
github.com/pb33f/libopenapi/datamodel/low/extraction_functions.go:593.2,593.39 1 1
github.com/pb33f/libopenapi/datamodel/low/extraction_functions.go:605.80,607.2 1 1
github.com/pb33f/libopenapi/datamodel/low/extraction_functions.go:622.86,625.33 3 1
github.com/pb33f/libopenapi/datamodel/low/extraction_functions.go:625.33,626.33 1 1
github.com/pb33f/libopenapi/datamodel/low/extraction_functions.go:626.33,633.4 3 1
github.com/pb33f/libopenapi/datamodel/low/extraction_functions.go:634.3,634.41 1 1
github.com/pb33f/libopenapi/datamodel/low/extraction_functions.go:634.41,639.4 1 1
github.com/pb33f/libopenapi/datamodel/low/extraction_functions.go:640.3,640.40 1 1
github.com/pb33f/libopenapi/datamodel/low/extraction_functions.go:640.40,646.4 2 1
github.com/pb33f/libopenapi/datamodel/low/extraction_functions.go:647.3,647.38 1 1
github.com/pb33f/libopenapi/datamodel/low/extraction_functions.go:647.38,653.4 2 1
github.com/pb33f/libopenapi/datamodel/low/extraction_functions.go:654.3,654.39 1 1
github.com/pb33f/libopenapi/datamodel/low/extraction_functions.go:654.39,660.4 2 1
github.com/pb33f/libopenapi/datamodel/low/extraction_functions.go:661.3,661.35 1 1
github.com/pb33f/libopenapi/datamodel/low/extraction_functions.go:661.35,668.4 3 1
github.com/pb33f/libopenapi/datamodel/low/extraction_functions.go:670.2,670.21 1 1
github.com/pb33f/libopenapi/datamodel/low/extraction_functions.go:674.35,675.26 1 1
github.com/pb33f/libopenapi/datamodel/low/extraction_functions.go:675.26,677.3 1 1
github.com/pb33f/libopenapi/datamodel/low/extraction_functions.go:678.2,678.29 1 1
github.com/pb33f/libopenapi/datamodel/low/extraction_functions.go:683.39,684.31 1 1
github.com/pb33f/libopenapi/datamodel/low/extraction_functions.go:684.31,685.15 1 1
github.com/pb33f/libopenapi/datamodel/low/extraction_functions.go:685.15,687.4 1 1
github.com/pb33f/libopenapi/datamodel/low/extraction_functions.go:690.2,690.45 1 1
github.com/pb33f/libopenapi/datamodel/low/extraction_functions.go:690.45,692.3 1 1
github.com/pb33f/libopenapi/datamodel/low/extraction_functions.go:693.2,693.64 1 1
github.com/pb33f/libopenapi/datamodel/low/model_builder.go:22.59,23.17 1 1
github.com/pb33f/libopenapi/datamodel/low/model_builder.go:23.17,25.3 1 1
github.com/pb33f/libopenapi/datamodel/low/model_builder.go:27.2,27.61 1 1
github.com/pb33f/libopenapi/datamodel/low/model_builder.go:27.61,29.3 1 1
github.com/pb33f/libopenapi/datamodel/low/model_builder.go:30.2,32.27 3 1
github.com/pb33f/libopenapi/datamodel/low/model_builder.go:32.27,36.28 2 1
github.com/pb33f/libopenapi/datamodel/low/model_builder.go:36.28,37.12 1 1
github.com/pb33f/libopenapi/datamodel/low/model_builder.go:40.3,40.27 1 1
github.com/pb33f/libopenapi/datamodel/low/model_builder.go:40.27,41.12 1 1
github.com/pb33f/libopenapi/datamodel/low/model_builder.go:44.3,45.16 2 1
github.com/pb33f/libopenapi/datamodel/low/model_builder.go:45.16,47.12 1 1
github.com/pb33f/libopenapi/datamodel/low/model_builder.go:50.3,52.15 3 1
github.com/pb33f/libopenapi/datamodel/low/model_builder.go:53.68,55.18 2 1
github.com/pb33f/libopenapi/datamodel/low/model_builder.go:55.18,57.5 1 1
github.com/pb33f/libopenapi/datamodel/low/model_builder.go:58.11,59.67 1 1
github.com/pb33f/libopenapi/datamodel/low/model_builder.go:64.2,64.12 1 1
github.com/pb33f/libopenapi/datamodel/low/model_builder.go:70.85,71.22 1 1
github.com/pb33f/libopenapi/datamodel/low/model_builder.go:71.22,73.3 1 0
github.com/pb33f/libopenapi/datamodel/low/model_builder.go:75.2,75.22 1 1
github.com/pb33f/libopenapi/datamodel/low/model_builder.go:77.55,78.33 1 1
github.com/pb33f/libopenapi/datamodel/low/model_builder.go:78.33,79.22 1 1
github.com/pb33f/libopenapi/datamodel/low/model_builder.go:79.22,82.49 3 1
github.com/pb33f/libopenapi/datamodel/low/model_builder.go:82.49,83.18 1 1
github.com/pb33f/libopenapi/datamodel/low/model_builder.go:83.18,85.15 2 1
github.com/pb33f/libopenapi/datamodel/low/model_builder.go:87.6,94.7 3 1
github.com/pb33f/libopenapi/datamodel/low/model_builder.go:96.5,96.38 1 1
github.com/pb33f/libopenapi/datamodel/low/model_builder.go:100.58,102.33 1 1
github.com/pb33f/libopenapi/datamodel/low/model_builder.go:102.33,103.22 1 1
github.com/pb33f/libopenapi/datamodel/low/model_builder.go:103.22,106.49 3 1
github.com/pb33f/libopenapi/datamodel/low/model_builder.go:106.49,107.18 1 1
github.com/pb33f/libopenapi/datamodel/low/model_builder.go:107.18,109.15 2 1
github.com/pb33f/libopenapi/datamodel/low/model_builder.go:111.6,115.7 1 1
github.com/pb33f/libopenapi/datamodel/low/model_builder.go:117.5,117.38 1 1
github.com/pb33f/libopenapi/datamodel/low/model_builder.go:121.44,125.21 3 1
github.com/pb33f/libopenapi/datamodel/low/model_builder.go:125.21,128.4 2 1
github.com/pb33f/libopenapi/datamodel/low/model_builder.go:130.46,132.35 1 1
github.com/pb33f/libopenapi/datamodel/low/model_builder.go:132.35,133.22 1 1
github.com/pb33f/libopenapi/datamodel/low/model_builder.go:133.22,135.49 2 1
github.com/pb33f/libopenapi/datamodel/low/model_builder.go:135.49,138.20 3 1
github.com/pb33f/libopenapi/datamodel/low/model_builder.go:138.20,140.7 1 1
github.com/pb33f/libopenapi/datamodel/low/model_builder.go:141.6,145.8 1 1
github.com/pb33f/libopenapi/datamodel/low/model_builder.go:147.5,147.38 1 1
github.com/pb33f/libopenapi/datamodel/low/model_builder.go:151.47,153.21 1 1
github.com/pb33f/libopenapi/datamodel/low/model_builder.go:153.21,160.4 2 1
github.com/pb33f/libopenapi/datamodel/low/model_builder.go:162.48,164.21 1 1
github.com/pb33f/libopenapi/datamodel/low/model_builder.go:164.21,170.4 2 1
github.com/pb33f/libopenapi/datamodel/low/model_builder.go:172.45,174.39 1 1
github.com/pb33f/libopenapi/datamodel/low/model_builder.go:174.39,175.22 1 1
github.com/pb33f/libopenapi/datamodel/low/model_builder.go:175.22,183.5 3 1
github.com/pb33f/libopenapi/datamodel/low/model_builder.go:186.44,188.38 1 1
github.com/pb33f/libopenapi/datamodel/low/model_builder.go:188.38,189.22 1 1
github.com/pb33f/libopenapi/datamodel/low/model_builder.go:189.22,197.5 3 1
github.com/pb33f/libopenapi/datamodel/low/model_builder.go:200.46,202.75 1 1
github.com/pb33f/libopenapi/datamodel/low/model_builder.go:202.75,203.22 1 1
github.com/pb33f/libopenapi/datamodel/low/model_builder.go:203.22,211.5 3 1
github.com/pb33f/libopenapi/datamodel/low/model_builder.go:214.48,216.47 1 1
github.com/pb33f/libopenapi/datamodel/low/model_builder.go:216.47,217.31 1 1
github.com/pb33f/libopenapi/datamodel/low/model_builder.go:217.31,225.14 3 1
github.com/pb33f/libopenapi/datamodel/low/model_builder.go:228.48,230.47 1 1
github.com/pb33f/libopenapi/datamodel/low/model_builder.go:230.47,231.31 1 1
github.com/pb33f/libopenapi/datamodel/low/model_builder.go:231.31,239.14 3 1
github.com/pb33f/libopenapi/datamodel/low/model_builder.go:242.49,244.35 1 1
github.com/pb33f/libopenapi/datamodel/low/model_builder.go:244.35,245.22 1 1
github.com/pb33f/libopenapi/datamodel/low/model_builder.go:245.22,247.49 2 1
github.com/pb33f/libopenapi/datamodel/low/model_builder.go:247.49,253.6 1 1
github.com/pb33f/libopenapi/datamodel/low/model_builder.go:254.5,254.38 1 1
github.com/pb33f/libopenapi/datamodel/low/model_builder.go:258.50,260.35 1 1
github.com/pb33f/libopenapi/datamodel/low/model_builder.go:260.35,261.22 1 1
github.com/pb33f/libopenapi/datamodel/low/model_builder.go:261.22,263.49 2 1
github.com/pb33f/libopenapi/datamodel/low/model_builder.go:263.49,270.6 2 1
github.com/pb33f/libopenapi/datamodel/low/model_builder.go:271.5,271.38 1 1
github.com/pb33f/libopenapi/datamodel/low/model_builder.go:275.50,277.35 1 1
github.com/pb33f/libopenapi/datamodel/low/model_builder.go:277.35,278.22 1 1
github.com/pb33f/libopenapi/datamodel/low/model_builder.go:278.22,280.49 2 1
github.com/pb33f/libopenapi/datamodel/low/model_builder.go:280.49,283.6 2 1
github.com/pb33f/libopenapi/datamodel/low/model_builder.go:284.5,284.38 1 1
github.com/pb33f/libopenapi/datamodel/low/model_builder.go:288.46,290.35 1 1
github.com/pb33f/libopenapi/datamodel/low/model_builder.go:290.35,291.22 1 1
github.com/pb33f/libopenapi/datamodel/low/model_builder.go:291.22,293.49 2 1
github.com/pb33f/libopenapi/datamodel/low/model_builder.go:293.49,300.6 2 1
github.com/pb33f/libopenapi/datamodel/low/model_builder.go:301.5,301.38 1 1
github.com/pb33f/libopenapi/datamodel/low/model_builder.go:305.48,307.35 1 1
github.com/pb33f/libopenapi/datamodel/low/model_builder.go:307.35,308.22 1 1
github.com/pb33f/libopenapi/datamodel/low/model_builder.go:308.22,310.49 2 1
github.com/pb33f/libopenapi/datamodel/low/model_builder.go:310.49,317.6 2 1
github.com/pb33f/libopenapi/datamodel/low/model_builder.go:318.5,318.38 1 1
github.com/pb33f/libopenapi/datamodel/low/model_builder.go:322.47,324.35 1 1
github.com/pb33f/libopenapi/datamodel/low/model_builder.go:324.35,325.22 1 1
github.com/pb33f/libopenapi/datamodel/low/model_builder.go:325.22,327.49 2 1
github.com/pb33f/libopenapi/datamodel/low/model_builder.go:327.49,334.6 2 1
github.com/pb33f/libopenapi/datamodel/low/model_builder.go:335.5,335.38 1 1
github.com/pb33f/libopenapi/datamodel/low/model_builder.go:340.73,342.33 1 1
github.com/pb33f/libopenapi/datamodel/low/model_builder.go:342.33,343.22 1 1
github.com/pb33f/libopenapi/datamodel/low/model_builder.go:343.22,346.49 3 1
github.com/pb33f/libopenapi/datamodel/low/model_builder.go:346.49,347.18 1 1
github.com/pb33f/libopenapi/datamodel/low/model_builder.go:347.18,349.15 2 1
github.com/pb33f/libopenapi/datamodel/low/model_builder.go:351.6,357.7 1 1
github.com/pb33f/libopenapi/datamodel/low/model_builder.go:359.5,359.38 1 1
github.com/pb33f/libopenapi/datamodel/low/model_builder.go:363.87,365.33 1 1
github.com/pb33f/libopenapi/datamodel/low/model_builder.go:365.33,366.22 1 1
github.com/pb33f/libopenapi/datamodel/low/model_builder.go:366.22,369.49 3 1
github.com/pb33f/libopenapi/datamodel/low/model_builder.go:369.49,370.18 1 1
github.com/pb33f/libopenapi/datamodel/low/model_builder.go:370.18,372.15 2 1
github.com/pb33f/libopenapi/datamodel/low/model_builder.go:374.6,380.7 1 1
github.com/pb33f/libopenapi/datamodel/low/model_builder.go:382.5,386.36 2 1
github.com/pb33f/libopenapi/datamodel/low/model_builder.go:389.88,390.33 1 1
github.com/pb33f/libopenapi/datamodel/low/model_builder.go:390.33,391.22 1 1
github.com/pb33f/libopenapi/datamodel/low/model_builder.go:391.22,394.49 3 1
github.com/pb33f/libopenapi/datamodel/low/model_builder.go:394.49,395.18 1 1
github.com/pb33f/libopenapi/datamodel/low/model_builder.go:395.18,397.15 2 1
github.com/pb33f/libopenapi/datamodel/low/model_builder.go:399.6,405.7 1 1
github.com/pb33f/libopenapi/datamodel/low/model_builder.go:407.5,412.36 2 1
github.com/pb33f/libopenapi/datamodel/low/model_builder.go:415.65,417.35 1 1
github.com/pb33f/libopenapi/datamodel/low/model_builder.go:417.35,418.22 1 1
github.com/pb33f/libopenapi/datamodel/low/model_builder.go:418.22,420.49 2 1
github.com/pb33f/libopenapi/datamodel/low/model_builder.go:420.49,425.6 1 1
github.com/pb33f/libopenapi/datamodel/low/model_builder.go:426.5,431.34 2 1
github.com/pb33f/libopenapi/datamodel/low/model_builder.go:435.62,437.35 1 1
github.com/pb33f/libopenapi/datamodel/low/model_builder.go:437.35,438.22 1 1
github.com/pb33f/libopenapi/datamodel/low/model_builder.go:438.22,440.49 2 1
github.com/pb33f/libopenapi/datamodel/low/model_builder.go:440.49,443.78 2 1
github.com/pb33f/libopenapi/datamodel/low/model_builder.go:443.78,444.42 1 1
github.com/pb33f/libopenapi/datamodel/low/model_builder.go:444.42,446.8 1 1
github.com/pb33f/libopenapi/datamodel/low/model_builder.go:446.13,448.8 1 1
github.com/pb33f/libopenapi/datamodel/low/model_builder.go:450.6,450.42 1 1
github.com/pb33f/libopenapi/datamodel/low/model_builder.go:450.42,452.7 1 1
github.com/pb33f/libopenapi/datamodel/low/model_builder.go:453.6,453.44 1 1
github.com/pb33f/libopenapi/datamodel/low/model_builder.go:453.44,455.7 1 1
github.com/pb33f/libopenapi/datamodel/low/model_builder.go:457.6,460.8 1 1
github.com/pb33f/libopenapi/datamodel/low/model_builder.go:462.5,467.34 2 1
github.com/pb33f/libopenapi/datamodel/low/model_builder.go:471.10,473.8 1 1
github.com/pb33f/libopenapi/datamodel/low/model_builder.go:475.2,475.12 1 1
github.com/pb33f/libopenapi/datamodel/low/model_builder.go:479.93,480.14 1 1
github.com/pb33f/libopenapi/datamodel/low/model_builder.go:480.14,482.17 2 1
github.com/pb33f/libopenapi/datamodel/low/model_builder.go:482.17,484.4 1 1
github.com/pb33f/libopenapi/datamodel/low/model_builder.go:486.2,486.12 1 1
github.com/pb33f/libopenapi/datamodel/low/reference.go:18.43,20.2 1 1
github.com/pb33f/libopenapi/datamodel/low/reference.go:22.40,24.2 1 1
github.com/pb33f/libopenapi/datamodel/low/reference.go:26.46,28.2 1 1
github.com/pb33f/libopenapi/datamodel/low/reference.go:146.42,148.2 1 1
github.com/pb33f/libopenapi/datamodel/low/reference.go:150.48,151.18 1 1
github.com/pb33f/libopenapi/datamodel/low/reference.go:151.18,153.3 1 1
github.com/pb33f/libopenapi/datamodel/low/reference.go:153.8,155.3 1 1
github.com/pb33f/libopenapi/datamodel/low/reference.go:158.49,160.2 1 1
github.com/pb33f/libopenapi/datamodel/low/reference.go:162.52,164.2 1 1
github.com/pb33f/libopenapi/datamodel/low/reference.go:167.46,168.21 1 1
github.com/pb33f/libopenapi/datamodel/low/reference.go:168.21,170.3 1 1
github.com/pb33f/libopenapi/datamodel/low/reference.go:171.2,171.22 1 1
github.com/pb33f/libopenapi/datamodel/low/reference.go:171.22,172.36 1 1
github.com/pb33f/libopenapi/datamodel/low/reference.go:172.36,173.16 1 1
github.com/pb33f/libopenapi/datamodel/low/reference.go:173.16,174.45 1 1
github.com/pb33f/libopenapi/datamodel/low/reference.go:174.45,177.6 2 1
github.com/pb33f/libopenapi/datamodel/low/reference.go:181.2,181.14 1 1
github.com/pb33f/libopenapi/datamodel/low/reference.go:185.51,187.2 1 1
github.com/pb33f/libopenapi/datamodel/low/reference.go:191.60,195.2 3 1
github.com/pb33f/libopenapi/datamodel/low/reference.go:198.53,200.2 1 1
github.com/pb33f/libopenapi/datamodel/low/reference.go:203.51,205.2 1 1
github.com/pb33f/libopenapi/datamodel/low/reference.go:208.40,210.2 1 1
github.com/pb33f/libopenapi/datamodel/low/reference.go:213.49,215.2 1 1
github.com/pb33f/libopenapi/datamodel/low/reference.go:218.43,220.2 1 1
github.com/pb33f/libopenapi/datamodel/low/reference.go:223.49,224.18 1 1
github.com/pb33f/libopenapi/datamodel/low/reference.go:224.18,226.3 1 1
github.com/pb33f/libopenapi/datamodel/low/reference.go:226.8,228.3 1 1
github.com/pb33f/libopenapi/datamodel/low/reference.go:232.52,234.2 1 1
github.com/pb33f/libopenapi/datamodel/low/reference.go:237.54,239.2 1 1
github.com/pb33f/libopenapi/datamodel/low/reference.go:242.41,244.2 1 1
github.com/pb33f/libopenapi/datamodel/low/reference.go:247.50,249.2 1 1
github.com/pb33f/libopenapi/datamodel/low/reference.go:251.50,253.2 1 1
github.com/pb33f/libopenapi/datamodel/low/reference.go:255.53,257.2 1 1
github.com/pb33f/libopenapi/datamodel/low/reference.go:260.47,261.23 1 1
github.com/pb33f/libopenapi/datamodel/low/reference.go:261.23,263.3 1 1
github.com/pb33f/libopenapi/datamodel/low/reference.go:264.2,264.14 1 1
github.com/pb33f/libopenapi/datamodel/low/reference.go:267.63,268.21 1 1
github.com/pb33f/libopenapi/datamodel/low/reference.go:268.21,275.3 6 1
github.com/pb33f/libopenapi/datamodel/low/reference.go:276.2,278.13 3 1
github.com/pb33f/libopenapi/datamodel/low/reference.go:282.41,284.2 1 1
github.com/pb33f/libopenapi/datamodel/low/reference.go:287.48,289.2 1 1
github.com/pb33f/libopenapi/datamodel/low/reference.go:292.50,294.2 1 1
github.com/pb33f/libopenapi/datamodel/low/reference.go:297.50,299.2 1 1
github.com/pb33f/libopenapi/datamodel/low/reference.go:303.62,307.2 3 1
github.com/pb33f/libopenapi/datamodel/low/reference.go:310.61,311.16 1 1
github.com/pb33f/libopenapi/datamodel/low/reference.go:311.16,313.3 1 1
github.com/pb33f/libopenapi/datamodel/low/reference.go:314.2,315.45 2 1
github.com/pb33f/libopenapi/datamodel/low/reference.go:315.45,316.37 1 1
github.com/pb33f/libopenapi/datamodel/low/reference.go:316.37,318.4 1 1
github.com/pb33f/libopenapi/datamodel/low/reference.go:319.3,319.34 1 1
github.com/pb33f/libopenapi/datamodel/low/reference.go:319.34,320.39 1 1
github.com/pb33f/libopenapi/datamodel/low/reference.go:320.39,322.5 1 1
github.com/pb33f/libopenapi/datamodel/low/reference.go:323.4,324.58 2 1
github.com/pb33f/libopenapi/datamodel/low/reference.go:324.58,326.5 1 1
github.com/pb33f/libopenapi/datamodel/low/reference.go:330.2,331.15 2 1
github.com/pb33f/libopenapi/datamodel/low/reference.go:331.15,333.17 2 1
github.com/pb33f/libopenapi/datamodel/low/reference.go:333.17,335.4 1 1
github.com/pb33f/libopenapi/datamodel/low/reference.go:337.2,337.14 1 1
github.com/pb33f/libopenapi/datamodel/low/reference.go:342.103,343.16 1 1
github.com/pb33f/libopenapi/datamodel/low/reference.go:343.16,345.3 1 1
github.com/pb33f/libopenapi/datamodel/low/reference.go:346.2,347.22 2 1
github.com/pb33f/libopenapi/datamodel/low/reference.go:347.22,348.37 1 1
github.com/pb33f/libopenapi/datamodel/low/reference.go:348.37,350.4 1 1
github.com/pb33f/libopenapi/datamodel/low/reference.go:351.3,351.34 1 1
github.com/pb33f/libopenapi/datamodel/low/reference.go:351.34,352.39 1 1
github.com/pb33f/libopenapi/datamodel/low/reference.go:352.39,354.5 1 1
github.com/pb33f/libopenapi/datamodel/low/reference.go:355.4,356.58 2 1
github.com/pb33f/libopenapi/datamodel/low/reference.go:356.58,358.5 1 1
github.com/pb33f/libopenapi/datamodel/low/reference.go:362.2,363.15 2 1
github.com/pb33f/libopenapi/datamodel/low/reference.go:363.15,364.23 1 1
github.com/pb33f/libopenapi/datamodel/low/reference.go:364.23,365.48 1 0
github.com/pb33f/libopenapi/datamodel/low/reference.go:365.48,367.5 1 0
github.com/pb33f/libopenapi/datamodel/low/reference.go:370.2,370.12 1 1
github.com/pb33f/libopenapi/datamodel/low/reference.go:373.41,375.2 1 1
github.com/pb33f/libopenapi/datamodel/low/base/contact.go:26.70,30.2 2 1
github.com/pb33f/libopenapi/datamodel/low/base/contact.go:33.35,35.23 2 1
github.com/pb33f/libopenapi/datamodel/low/base/contact.go:35.23,37.3 1 1
github.com/pb33f/libopenapi/datamodel/low/base/contact.go:38.2,38.22 1 1
github.com/pb33f/libopenapi/datamodel/low/base/contact.go:38.22,40.3 1 1
github.com/pb33f/libopenapi/datamodel/low/base/contact.go:41.2,41.24 1 1
github.com/pb33f/libopenapi/datamodel/low/base/contact.go:41.24,43.3 1 1
github.com/pb33f/libopenapi/datamodel/low/base/contact.go:44.2,44.52 1 1
github.com/pb33f/libopenapi/datamodel/low/base/discriminator.go:29.82,30.36 1 1
github.com/pb33f/libopenapi/datamodel/low/base/discriminator.go:30.36,31.21 1 1
github.com/pb33f/libopenapi/datamodel/low/base/discriminator.go:31.21,33.4 1 1
github.com/pb33f/libopenapi/datamodel/low/base/discriminator.go:35.2,35.12 1 1
github.com/pb33f/libopenapi/datamodel/low/base/discriminator.go:39.41,43.32 2 1
github.com/pb33f/libopenapi/datamodel/low/base/discriminator.go:43.32,45.3 1 1
github.com/pb33f/libopenapi/datamodel/low/base/discriminator.go:46.2,47.33 2 1
github.com/pb33f/libopenapi/datamodel/low/base/discriminator.go:47.33,49.3 1 1
github.com/pb33f/libopenapi/datamodel/low/base/discriminator.go:50.2,51.30 2 1
github.com/pb33f/libopenapi/datamodel/low/base/discriminator.go:51.30,54.3 2 1
github.com/pb33f/libopenapi/datamodel/low/base/discriminator.go:55.2,55.52 1 1
github.com/pb33f/libopenapi/datamodel/low/base/example.go:31.71,33.2 1 1
github.com/pb33f/libopenapi/datamodel/low/base/example.go:36.36,38.28 2 1
github.com/pb33f/libopenapi/datamodel/low/base/example.go:38.28,40.3 1 1
github.com/pb33f/libopenapi/datamodel/low/base/example.go:41.2,41.32 1 1
github.com/pb33f/libopenapi/datamodel/low/base/example.go:41.32,43.3 1 1
github.com/pb33f/libopenapi/datamodel/low/base/example.go:44.2,44.26 1 1
github.com/pb33f/libopenapi/datamodel/low/base/example.go:44.26,47.3 1 1
github.com/pb33f/libopenapi/datamodel/low/base/example.go:48.2,48.34 1 1
github.com/pb33f/libopenapi/datamodel/low/base/example.go:48.34,50.3 1 1
github.com/pb33f/libopenapi/datamodel/low/base/example.go:51.2,53.31 3 1
github.com/pb33f/libopenapi/datamodel/low/base/example.go:53.31,56.3 2 1
github.com/pb33f/libopenapi/datamodel/low/base/example.go:57.2,59.52 3 1
github.com/pb33f/libopenapi/datamodel/low/base/example.go:63.71,68.15 4 1
github.com/pb33f/libopenapi/datamodel/low/base/example.go:68.15,71.17 3 1
github.com/pb33f/libopenapi/datamodel/low/base/example.go:71.17,75.18 3 1
github.com/pb33f/libopenapi/datamodel/low/base/example.go:75.18,85.5 4 1
github.com/pb33f/libopenapi/datamodel/low/base/example.go:86.4,91.14 2 1
github.com/pb33f/libopenapi/datamodel/low/base/example.go:93.3,98.13 2 1
github.com/pb33f/libopenapi/datamodel/low/base/example.go:100.2,100.12 1 1
github.com/pb33f/libopenapi/datamodel/low/base/example.go:104.89,106.2 1 1
github.com/pb33f/libopenapi/datamodel/low/base/example.go:109.46,110.32 1 1
github.com/pb33f/libopenapi/datamodel/low/base/example.go:110.32,113.3 2 1
github.com/pb33f/libopenapi/datamodel/low/base/example.go:114.2,114.31 1 1
github.com/pb33f/libopenapi/datamodel/low/base/example.go:114.31,117.3 2 1
github.com/pb33f/libopenapi/datamodel/low/base/example.go:118.2,118.33 1 1
github.com/pb33f/libopenapi/datamodel/low/base/example.go:118.33,121.3 2 1
github.com/pb33f/libopenapi/datamodel/low/base/example.go:122.2,122.26 1 1
github.com/pb33f/libopenapi/datamodel/low/base/example.go:122.26,126.3 3 1
github.com/pb33f/libopenapi/datamodel/low/base/example.go:127.2,127.28 1 1
github.com/pb33f/libopenapi/datamodel/low/base/example.go:127.28,131.3 3 1
github.com/pb33f/libopenapi/datamodel/low/base/example.go:132.2,132.18 1 1
github.com/pb33f/libopenapi/datamodel/low/base/external_doc.go:30.75,32.2 1 1
github.com/pb33f/libopenapi/datamodel/low/base/external_doc.go:35.75,39.2 3 1
github.com/pb33f/libopenapi/datamodel/low/base/external_doc.go:42.93,44.2 1 1
github.com/pb33f/libopenapi/datamodel/low/base/external_doc.go:46.40,54.31 4 1
github.com/pb33f/libopenapi/datamodel/low/base/external_doc.go:54.31,57.3 2 1
github.com/pb33f/libopenapi/datamodel/low/base/external_doc.go:58.2,60.52 3 1
github.com/pb33f/libopenapi/datamodel/low/base/info.go:37.67,39.2 1 1
github.com/pb33f/libopenapi/datamodel/low/base/info.go:42.85,44.2 1 1
github.com/pb33f/libopenapi/datamodel/low/base/info.go:47.67,59.2 7 1
github.com/pb33f/libopenapi/datamodel/low/base/info.go:62.32,65.24 2 1
github.com/pb33f/libopenapi/datamodel/low/base/info.go:65.24,67.3 1 1
github.com/pb33f/libopenapi/datamodel/low/base/info.go:68.2,68.26 1 1
github.com/pb33f/libopenapi/datamodel/low/base/info.go:68.26,70.3 1 1
github.com/pb33f/libopenapi/datamodel/low/base/info.go:71.2,71.30 1 1
github.com/pb33f/libopenapi/datamodel/low/base/info.go:71.30,73.3 1 1
github.com/pb33f/libopenapi/datamodel/low/base/info.go:74.2,74.33 1 1
github.com/pb33f/libopenapi/datamodel/low/base/info.go:74.33,76.3 1 1
github.com/pb33f/libopenapi/datamodel/low/base/info.go:77.2,77.26 1 1
github.com/pb33f/libopenapi/datamodel/low/base/info.go:77.26,79.3 1 1
github.com/pb33f/libopenapi/datamodel/low/base/info.go:80.2,80.26 1 1
github.com/pb33f/libopenapi/datamodel/low/base/info.go:80.26,82.3 1 1
github.com/pb33f/libopenapi/datamodel/low/base/info.go:83.2,83.26 1 1
github.com/pb33f/libopenapi/datamodel/low/base/info.go:83.26,85.3 1 1
github.com/pb33f/libopenapi/datamodel/low/base/info.go:86.2,88.30 3 1
github.com/pb33f/libopenapi/datamodel/low/base/info.go:88.30,91.3 2 1
github.com/pb33f/libopenapi/datamodel/low/base/info.go:92.2,94.52 3 1
github.com/pb33f/libopenapi/datamodel/low/base/license.go:27.70,29.51 2 1
github.com/pb33f/libopenapi/datamodel/low/base/license.go:29.51,31.3 1 1
github.com/pb33f/libopenapi/datamodel/low/base/license.go:32.2,32.12 1 1
github.com/pb33f/libopenapi/datamodel/low/base/license.go:36.35,38.23 2 1
github.com/pb33f/libopenapi/datamodel/low/base/license.go:38.23,40.3 1 1
github.com/pb33f/libopenapi/datamodel/low/base/license.go:41.2,41.22 1 1
github.com/pb33f/libopenapi/datamodel/low/base/license.go:41.22,43.3 1 1
github.com/pb33f/libopenapi/datamodel/low/base/license.go:44.2,44.29 1 1
github.com/pb33f/libopenapi/datamodel/low/base/license.go:44.29,46.3 1 1
github.com/pb33f/libopenapi/datamodel/low/base/license.go:47.2,47.52 1 1
github.com/pb33f/libopenapi/datamodel/low/base/schema.go:32.47,34.2 1 1
github.com/pb33f/libopenapi/datamodel/low/base/schema.go:37.47,39.2 1 1
github.com/pb33f/libopenapi/datamodel/low/base/schema.go:42.52,44.13 2 1
github.com/pb33f/libopenapi/datamodel/low/base/schema.go:44.13,46.3 1 1
github.com/pb33f/libopenapi/datamodel/low/base/schema.go:46.8,48.3 1 1
github.com/pb33f/libopenapi/datamodel/low/base/schema.go:49.2,49.36 1 1
github.com/pb33f/libopenapi/datamodel/low/base/schema.go:145.34,148.32 2 1
github.com/pb33f/libopenapi/datamodel/low/base/schema.go:148.32,150.3 1 1
github.com/pb33f/libopenapi/datamodel/low/base/schema.go:151.2,151.24 1 1
github.com/pb33f/libopenapi/datamodel/low/base/schema.go:151.24,153.3 1 1
github.com/pb33f/libopenapi/datamodel/low/base/schema.go:154.2,154.29 1 1
github.com/pb33f/libopenapi/datamodel/low/base/schema.go:154.29,156.3 1 1
github.com/pb33f/libopenapi/datamodel/low/base/schema.go:157.2,157.26 1 1
github.com/pb33f/libopenapi/datamodel/low/base/schema.go:157.26,159.3 1 1
github.com/pb33f/libopenapi/datamodel/low/base/schema.go:160.2,160.26 1 1
github.com/pb33f/libopenapi/datamodel/low/base/schema.go:160.26,162.3 1 1
github.com/pb33f/libopenapi/datamodel/low/base/schema.go:163.2,163.28 1 1
github.com/pb33f/libopenapi/datamodel/low/base/schema.go:163.28,165.3 1 1
github.com/pb33f/libopenapi/datamodel/low/base/schema.go:166.2,166.28 1 1
github.com/pb33f/libopenapi/datamodel/low/base/schema.go:166.28,168.3 1 1
github.com/pb33f/libopenapi/datamodel/low/base/schema.go:169.2,169.26 1 1
github.com/pb33f/libopenapi/datamodel/low/base/schema.go:169.26,171.3 1 1
github.com/pb33f/libopenapi/datamodel/low/base/schema.go:172.2,172.25 1 1
github.com/pb33f/libopenapi/datamodel/low/base/schema.go:172.25,174.3 1 1
github.com/pb33f/libopenapi/datamodel/low/base/schema.go:175.2,175.27 1 1
github.com/pb33f/libopenapi/datamodel/low/base/schema.go:175.27,177.3 1 1
github.com/pb33f/libopenapi/datamodel/low/base/schema.go:178.2,178.27 1 1
github.com/pb33f/libopenapi/datamodel/low/base/schema.go:178.27,180.3 1 1
github.com/pb33f/libopenapi/datamodel/low/base/schema.go:181.2,181.30 1 1
github.com/pb33f/libopenapi/datamodel/low/base/schema.go:181.30,183.3 1 1
github.com/pb33f/libopenapi/datamodel/low/base/schema.go:184.2,184.32 1 1
github.com/pb33f/libopenapi/datamodel/low/base/schema.go:184.32,186.3 1 1
github.com/pb33f/libopenapi/datamodel/low/base/schema.go:187.2,187.32 1 1
github.com/pb33f/libopenapi/datamodel/low/base/schema.go:187.32,189.3 1 1
github.com/pb33f/libopenapi/datamodel/low/base/schema.go:190.2,190.39 1 1
github.com/pb33f/libopenapi/datamodel/low/base/schema.go:190.39,197.20 4 1
github.com/pb33f/libopenapi/datamodel/low/base/schema.go:198.22,199.34 1 1
github.com/pb33f/libopenapi/datamodel/low/base/schema.go:199.34,202.47 2 1
github.com/pb33f/libopenapi/datamodel/low/base/schema.go:202.47,207.34 4 1
github.com/pb33f/libopenapi/datamodel/low/base/schema.go:207.34,208.39 1 1
github.com/pb33f/libopenapi/datamodel/low/base/schema.go:208.39,211.8 2 1
github.com/pb33f/libopenapi/datamodel/low/base/schema.go:212.7,212.15 1 1
github.com/pb33f/libopenapi/datamodel/low/base/schema.go:214.6,214.82 1 1
github.com/pb33f/libopenapi/datamodel/low/base/schema.go:217.4,218.45 2 1
github.com/pb33f/libopenapi/datamodel/low/base/schema.go:220.20,221.35 1 1
github.com/pb33f/libopenapi/datamodel/low/base/schema.go:221.35,226.52 4 1
github.com/pb33f/libopenapi/datamodel/low/base/schema.go:226.52,230.6 3 1
github.com/pb33f/libopenapi/datamodel/low/base/schema.go:231.5,231.86 1 1
github.com/pb33f/libopenapi/datamodel/low/base/schema.go:233.4,234.45 2 1
github.com/pb33f/libopenapi/datamodel/low/base/schema.go:235.11,236.71 1 1
github.com/pb33f/libopenapi/datamodel/low/base/schema.go:239.2,239.30 1 1
github.com/pb33f/libopenapi/datamodel/low/base/schema.go:239.30,241.3 1 1
github.com/pb33f/libopenapi/datamodel/low/base/schema.go:242.2,242.34 1 1
github.com/pb33f/libopenapi/datamodel/low/base/schema.go:242.34,244.3 1 1
github.com/pb33f/libopenapi/datamodel/low/base/schema.go:245.2,245.35 1 1
github.com/pb33f/libopenapi/datamodel/low/base/schema.go:245.35,247.3 1 1
github.com/pb33f/libopenapi/datamodel/low/base/schema.go:248.2,248.26 1 1
github.com/pb33f/libopenapi/datamodel/low/base/schema.go:248.26,250.3 1 1
github.com/pb33f/libopenapi/datamodel/low/base/schema.go:251.2,251.27 1 1
github.com/pb33f/libopenapi/datamodel/low/base/schema.go:251.27,253.3 1 1
github.com/pb33f/libopenapi/datamodel/low/base/schema.go:254.2,254.27 1 1
github.com/pb33f/libopenapi/datamodel/low/base/schema.go:254.27,256.3 1 1
github.com/pb33f/libopenapi/datamodel/low/base/schema.go:257.2,257.28 1 1
github.com/pb33f/libopenapi/datamodel/low/base/schema.go:257.28,259.3 1 1
github.com/pb33f/libopenapi/datamodel/low/base/schema.go:260.2,260.29 1 1
github.com/pb33f/libopenapi/datamodel/low/base/schema.go:260.29,262.3 1 1
github.com/pb33f/libopenapi/datamodel/low/base/schema.go:263.2,263.69 1 1
github.com/pb33f/libopenapi/datamodel/low/base/schema.go:263.69,265.3 1 1
github.com/pb33f/libopenapi/datamodel/low/base/schema.go:266.2,266.69 1 1
github.com/pb33f/libopenapi/datamodel/low/base/schema.go:266.69,268.3 1 1
github.com/pb33f/libopenapi/datamodel/low/base/schema.go:269.2,269.69 1 1
github.com/pb33f/libopenapi/datamodel/low/base/schema.go:269.69,271.3 1 1
github.com/pb33f/libopenapi/datamodel/low/base/schema.go:272.2,272.69 1 1
github.com/pb33f/libopenapi/datamodel/low/base/schema.go:272.69,274.3 1 1
github.com/pb33f/libopenapi/datamodel/low/base/schema.go:275.2,275.45 1 1
github.com/pb33f/libopenapi/datamodel/low/base/schema.go:275.45,277.3 1 1
github.com/pb33f/libopenapi/datamodel/low/base/schema.go:278.2,278.45 1 1
github.com/pb33f/libopenapi/datamodel/low/base/schema.go:278.45,280.33 2 1
github.com/pb33f/libopenapi/datamodel/low/base/schema.go:280.33,282.4 1 1
github.com/pb33f/libopenapi/datamodel/low/base/schema.go:283.3,284.38 2 1
github.com/pb33f/libopenapi/datamodel/low/base/schema.go:287.2,288.34 2 1
github.com/pb33f/libopenapi/datamodel/low/base/schema.go:288.34,290.3 1 1
github.com/pb33f/libopenapi/datamodel/low/base/schema.go:291.2,295.30 4 1
github.com/pb33f/libopenapi/datamodel/low/base/schema.go:295.30,297.3 1 1
github.com/pb33f/libopenapi/datamodel/low/base/schema.go:298.2,301.30 3 1
github.com/pb33f/libopenapi/datamodel/low/base/schema.go:301.30,303.3 1 1
github.com/pb33f/libopenapi/datamodel/low/base/schema.go:304.2,306.36 3 1
github.com/pb33f/libopenapi/datamodel/low/base/schema.go:306.36,309.3 2 1
github.com/pb33f/libopenapi/datamodel/low/base/schema.go:310.2,311.26 2 1
github.com/pb33f/libopenapi/datamodel/low/base/schema.go:311.26,313.3 1 1
github.com/pb33f/libopenapi/datamodel/low/base/schema.go:314.2,314.24 1 1
github.com/pb33f/libopenapi/datamodel/low/base/schema.go:314.24,316.3 1 1
github.com/pb33f/libopenapi/datamodel/low/base/schema.go:317.2,317.33 1 1
github.com/pb33f/libopenapi/datamodel/low/base/schema.go:317.33,319.3 1 1
github.com/pb33f/libopenapi/datamodel/low/base/schema.go:320.2,320.34 1 1
github.com/pb33f/libopenapi/datamodel/low/base/schema.go:320.34,322.3 1 1
github.com/pb33f/libopenapi/datamodel/low/base/schema.go:325.2,325.28 1 1
github.com/pb33f/libopenapi/datamodel/low/base/schema.go:325.28,329.32 4 1
github.com/pb33f/libopenapi/datamodel/low/base/schema.go:329.32,336.4 5 1
github.com/pb33f/libopenapi/datamodel/low/base/schema.go:337.3,338.28 2 1
github.com/pb33f/libopenapi/datamodel/low/base/schema.go:338.28,340.4 1 1
github.com/pb33f/libopenapi/datamodel/low/base/schema.go:343.2,343.28 1 1
github.com/pb33f/libopenapi/datamodel/low/base/schema.go:343.28,347.32 4 1
github.com/pb33f/libopenapi/datamodel/low/base/schema.go:347.32,354.4 5 1
github.com/pb33f/libopenapi/datamodel/low/base/schema.go:355.3,356.28 2 1
github.com/pb33f/libopenapi/datamodel/low/base/schema.go:356.28,358.4 1 1
github.com/pb33f/libopenapi/datamodel/low/base/schema.go:361.2,361.28 1 1
github.com/pb33f/libopenapi/datamodel/low/base/schema.go:361.28,365.32 4 1
github.com/pb33f/libopenapi/datamodel/low/base/schema.go:365.32,372.4 5 1
github.com/pb33f/libopenapi/datamodel/low/base/schema.go:373.3,374.28 2 1
github.com/pb33f/libopenapi/datamodel/low/base/schema.go:374.28,376.4 1 1
github.com/pb33f/libopenapi/datamodel/low/base/schema.go:379.2,379.22 1 1
github.com/pb33f/libopenapi/datamodel/low/base/schema.go:379.22,381.3 1 1
github.com/pb33f/libopenapi/datamodel/low/base/schema.go:384.2,384.47 1 1
github.com/pb33f/libopenapi/datamodel/low/base/schema.go:384.47,386.3 1 1
github.com/pb33f/libopenapi/datamodel/low/base/schema.go:387.2,387.47 1 1
github.com/pb33f/libopenapi/datamodel/low/base/schema.go:387.47,389.3 1 1
github.com/pb33f/libopenapi/datamodel/low/base/schema.go:391.2,391.21 1 1
github.com/pb33f/libopenapi/datamodel/low/base/schema.go:391.21,393.3 1 1
github.com/pb33f/libopenapi/datamodel/low/base/schema.go:394.2,394.23 1 1
github.com/pb33f/libopenapi/datamodel/low/base/schema.go:394.23,396.3 1 1
github.com/pb33f/libopenapi/datamodel/low/base/schema.go:397.2,397.23 1 1
github.com/pb33f/libopenapi/datamodel/low/base/schema.go:397.23,399.3 1 1
github.com/pb33f/libopenapi/datamodel/low/base/schema.go:400.2,400.32 1 1
github.com/pb33f/libopenapi/datamodel/low/base/schema.go:400.32,402.3 1 1
github.com/pb33f/libopenapi/datamodel/low/base/schema.go:403.2,403.40 1 1
github.com/pb33f/libopenapi/datamodel/low/base/schema.go:403.40,405.3 1 1
github.com/pb33f/libopenapi/datamodel/low/base/schema.go:406.2,406.35 1 1
github.com/pb33f/libopenapi/datamodel/low/base/schema.go:406.35,408.3 1 1
github.com/pb33f/libopenapi/datamodel/low/base/schema.go:409.2,409.25 1 1
github.com/pb33f/libopenapi/datamodel/low/base/schema.go:409.25,411.3 1 1
github.com/pb33f/libopenapi/datamodel/low/base/schema.go:413.2,415.42 3 1
github.com/pb33f/libopenapi/datamodel/low/base/schema.go:415.42,418.3 2 1
github.com/pb33f/libopenapi/datamodel/low/base/schema.go:419.2,420.32 2 1
github.com/pb33f/libopenapi/datamodel/low/base/schema.go:420.32,422.3 1 1
github.com/pb33f/libopenapi/datamodel/low/base/schema.go:424.2,426.43 3 1
github.com/pb33f/libopenapi/datamodel/low/base/schema.go:426.43,429.3 2 1
github.com/pb33f/libopenapi/datamodel/low/base/schema.go:430.2,431.34 2 1
github.com/pb33f/libopenapi/datamodel/low/base/schema.go:431.34,433.3 1 1
github.com/pb33f/libopenapi/datamodel/low/base/schema.go:435.2,435.34 1 1
github.com/pb33f/libopenapi/datamodel/low/base/schema.go:435.34,439.38 4 1
github.com/pb33f/libopenapi/datamodel/low/base/schema.go:439.38,445.4 5 1
github.com/pb33f/libopenapi/datamodel/low/base/schema.go:446.3,447.28 2 1
github.com/pb33f/libopenapi/datamodel/low/base/schema.go:447.28,449.4 1 1
github.com/pb33f/libopenapi/datamodel/low/base/schema.go:453.2,455.30 3 1
github.com/pb33f/libopenapi/datamodel/low/base/schema.go:455.30,458.3 2 1
github.com/pb33f/libopenapi/datamodel/low/base/schema.go:459.2,461.28 3 1
github.com/pb33f/libopenapi/datamodel/low/base/schema.go:461.28,463.3 1 1
github.com/pb33f/libopenapi/datamodel/low/base/schema.go:466.2,466.27 1 1
github.com/pb33f/libopenapi/datamodel/low/base/schema.go:466.27,468.3 1 1
github.com/pb33f/libopenapi/datamodel/low/base/schema.go:469.2,469.30 1 1
github.com/pb33f/libopenapi/datamodel/low/base/schema.go:469.30,471.3 1 1
github.com/pb33f/libopenapi/datamodel/low/base/schema.go:472.2,472.30 1 1
github.com/pb33f/libopenapi/datamodel/low/base/schema.go:472.30,474.3 1 1
github.com/pb33f/libopenapi/datamodel/low/base/schema.go:475.2,475.27 1 1
github.com/pb33f/libopenapi/datamodel/low/base/schema.go:475.27,477.35 2 1
github.com/pb33f/libopenapi/datamodel/low/base/schema.go:477.35,479.4 1 1
github.com/pb33f/libopenapi/datamodel/low/base/schema.go:480.3,481.40 2 1
github.com/pb33f/libopenapi/datamodel/low/base/schema.go:483.2,483.52 1 1
github.com/pb33f/libopenapi/datamodel/low/base/schema.go:488.78,490.2 1 1
github.com/pb33f/libopenapi/datamodel/low/base/schema.go:494.85,496.2 1 1
github.com/pb33f/libopenapi/datamodel/low/base/schema.go:500.85,502.2 1 1
github.com/pb33f/libopenapi/datamodel/low/base/schema.go:505.87,507.2 1 1
github.com/pb33f/libopenapi/datamodel/low/base/schema.go:533.69,535.46 2 1
github.com/pb33f/libopenapi/datamodel/low/base/schema.go:535.46,537.17 2 1
github.com/pb33f/libopenapi/datamodel/low/base/schema.go:537.17,539.18 2 1
github.com/pb33f/libopenapi/datamodel/low/base/schema.go:539.18,540.47 1 1
github.com/pb33f/libopenapi/datamodel/low/base/schema.go:540.47,542.6 1 1
github.com/pb33f/libopenapi/datamodel/low/base/schema.go:544.9,547.4 1 1
github.com/pb33f/libopenapi/datamodel/low/base/schema.go:551.2,551.48 1 1
github.com/pb33f/libopenapi/datamodel/low/base/schema.go:551.48,553.3 1 0
github.com/pb33f/libopenapi/datamodel/low/base/schema.go:555.2,559.22 3 1
github.com/pb33f/libopenapi/datamodel/low/base/schema.go:559.22,560.41 1 1
github.com/pb33f/libopenapi/datamodel/low/base/schema.go:560.41,566.4 1 1
github.com/pb33f/libopenapi/datamodel/low/base/schema.go:567.3,567.35 1 1
github.com/pb33f/libopenapi/datamodel/low/base/schema.go:567.35,570.37 2 1
github.com/pb33f/libopenapi/datamodel/low/base/schema.go:570.37,575.5 1 1
github.com/pb33f/libopenapi/datamodel/low/base/schema.go:576.4,580.5 1 1
github.com/pb33f/libopenapi/datamodel/low/base/schema.go:585.5,586.26 2 1
github.com/pb33f/libopenapi/datamodel/low/base/schema.go:586.26,587.46 1 1
github.com/pb33f/libopenapi/datamodel/low/base/schema.go:587.46,594.10 2 1
github.com/pb33f/libopenapi/datamodel/low/base/schema.go:595.9,595.45 1 1
github.com/pb33f/libopenapi/datamodel/low/base/schema.go:595.45,602.10 2 1
github.com/pb33f/libopenapi/datamodel/low/base/schema.go:606.5,607.26 2 1
github.com/pb33f/libopenapi/datamodel/low/base/schema.go:607.26,608.46 1 1
github.com/pb33f/libopenapi/datamodel/low/base/schema.go:608.46,615.10 2 1
github.com/pb33f/libopenapi/datamodel/low/base/schema.go:616.9,616.45 1 1
github.com/pb33f/libopenapi/datamodel/low/base/schema.go:616.45,623.10 2 1
github.com/pb33f/libopenapi/datamodel/low/base/schema.go:627.2,628.26 2 1
github.com/pb33f/libopenapi/datamodel/low/base/schema.go:628.26,632.3 1 1
github.com/pb33f/libopenapi/datamodel/low/base/schema.go:635.2,636.23 2 1
github.com/pb33f/libopenapi/datamodel/low/base/schema.go:636.23,640.3 1 1
github.com/pb33f/libopenapi/datamodel/low/base/schema.go:643.2,644.20 2 1
github.com/pb33f/libopenapi/datamodel/low/base/schema.go:644.20,646.3 1 1
github.com/pb33f/libopenapi/datamodel/low/base/schema.go:649.2,650.23 2 1
github.com/pb33f/libopenapi/datamodel/low/base/schema.go:650.23,651.36 1 1
github.com/pb33f/libopenapi/datamodel/low/base/schema.go:651.36,653.38 2 1
github.com/pb33f/libopenapi/datamodel/low/base/schema.go:653.38,655.5 1 1
github.com/pb33f/libopenapi/datamodel/low/base/schema.go:656.4,660.5 1 1
github.com/pb33f/libopenapi/datamodel/low/base/schema.go:664.2,665.21 2 1
github.com/pb33f/libopenapi/datamodel/low/base/schema.go:665.21,666.63 1 1
github.com/pb33f/libopenapi/datamodel/low/base/schema.go:666.63,672.75 3 1
github.com/pb33f/libopenapi/datamodel/low/base/schema.go:672.75,678.5 1 1
github.com/pb33f/libopenapi/datamodel/low/base/schema.go:679.4,679.13 1 1
github.com/pb33f/libopenapi/datamodel/low/base/schema.go:679.13,688.5 2 1
github.com/pb33f/libopenapi/datamodel/low/base/schema.go:691.4,691.17 1 1
github.com/pb33f/libopenapi/datamodel/low/base/schema.go:691.17,693.5 1 1
github.com/pb33f/libopenapi/datamodel/low/base/schema.go:693.10,696.34 1 1
github.com/pb33f/libopenapi/datamodel/low/base/schema.go:696.34,700.38 3 1
github.com/pb33f/libopenapi/datamodel/low/base/schema.go:700.38,701.19 1 1
github.com/pb33f/libopenapi/datamodel/low/base/schema.go:701.19,703.16 2 1
github.com/pb33f/libopenapi/datamodel/low/base/schema.go:704.13,707.8 1 1
github.com/pb33f/libopenapi/datamodel/low/base/schema.go:709.6,709.111 1 1
github.com/pb33f/libopenapi/datamodel/low/base/schema.go:713.5,713.36 1 1
github.com/pb33f/libopenapi/datamodel/low/base/schema.go:713.36,717.38 2 1
github.com/pb33f/libopenapi/datamodel/low/base/schema.go:717.38,718.47 1 1
github.com/pb33f/libopenapi/datamodel/low/base/schema.go:718.47,723.8 3 1
github.com/pb33f/libopenapi/datamodel/low/base/schema.go:723.13,726.8 1 1
github.com/pb33f/libopenapi/datamodel/low/base/schema.go:729.6,730.87 1 1
github.com/pb33f/libopenapi/datamodel/low/base/schema.go:734.3,734.38 1 1
github.com/pb33f/libopenapi/datamodel/low/base/schema.go:734.38,737.4 2 1
github.com/pb33f/libopenapi/datamodel/low/base/schema.go:741.2,742.21 2 1
github.com/pb33f/libopenapi/datamodel/low/base/schema.go:742.21,746.3 3 1
github.com/pb33f/libopenapi/datamodel/low/base/schema.go:749.2,750.23 2 1
github.com/pb33f/libopenapi/datamodel/low/base/schema.go:750.23,755.3 4 1
github.com/pb33f/libopenapi/datamodel/low/base/schema.go:758.2,759.20 2 1
github.com/pb33f/libopenapi/datamodel/low/base/schema.go:759.20,765.3 4 1
github.com/pb33f/libopenapi/datamodel/low/base/schema.go:768.2,769.16 2 1
github.com/pb33f/libopenapi/datamodel/low/base/schema.go:769.16,771.3 1 1
github.com/pb33f/libopenapi/datamodel/low/base/schema.go:772.2,772.18 1 1
github.com/pb33f/libopenapi/datamodel/low/base/schema.go:772.18,774.3 1 1
github.com/pb33f/libopenapi/datamodel/low/base/schema.go:777.2,778.16 2 1
github.com/pb33f/libopenapi/datamodel/low/base/schema.go:778.16,780.3 1 1
github.com/pb33f/libopenapi/datamodel/low/base/schema.go:781.2,781.18 1 1
github.com/pb33f/libopenapi/datamodel/low/base/schema.go:781.18,783.3 1 1
github.com/pb33f/libopenapi/datamodel/low/base/schema.go:786.2,787.16 2 1
github.com/pb33f/libopenapi/datamodel/low/base/schema.go:787.16,789.3 1 1
github.com/pb33f/libopenapi/datamodel/low/base/schema.go:790.2,790.18 1 1
github.com/pb33f/libopenapi/datamodel/low/base/schema.go:790.18,792.3 1 1
github.com/pb33f/libopenapi/datamodel/low/base/schema.go:795.2,798.23 4 1
github.com/pb33f/libopenapi/datamodel/low/base/schema.go:798.23,799.40 1 1
github.com/pb33f/libopenapi/datamodel/low/base/schema.go:799.40,802.4 2 1
github.com/pb33f/libopenapi/datamodel/low/base/schema.go:804.2,804.17 1 1
github.com/pb33f/libopenapi/datamodel/low/base/schema.go:804.17,813.3 1 1
github.com/pb33f/libopenapi/datamodel/low/base/schema.go:816.2,819.24 4 1
github.com/pb33f/libopenapi/datamodel/low/base/schema.go:819.24,820.41 1 1
github.com/pb33f/libopenapi/datamodel/low/base/schema.go:820.41,823.4 2 1
github.com/pb33f/libopenapi/datamodel/low/base/schema.go:825.2,825.18 1 1
github.com/pb33f/libopenapi/datamodel/low/base/schema.go:825.18,834.3 1 1
github.com/pb33f/libopenapi/datamodel/low/base/schema.go:836.2,872.23 30 1
github.com/pb33f/libopenapi/datamodel/low/base/schema.go:872.23,874.3 1 1
github.com/pb33f/libopenapi/datamodel/low/base/schema.go:875.2,875.23 1 1
github.com/pb33f/libopenapi/datamodel/low/base/schema.go:875.23,877.3 1 1
github.com/pb33f/libopenapi/datamodel/low/base/schema.go:878.2,878.23 1 1
github.com/pb33f/libopenapi/datamodel/low/base/schema.go:878.23,880.3 1 1
github.com/pb33f/libopenapi/datamodel/low/base/schema.go:881.2,881.29 1 1
github.com/pb33f/libopenapi/datamodel/low/base/schema.go:881.29,883.3 1 1
github.com/pb33f/libopenapi/datamodel/low/base/schema.go:884.2,884.21 1 1
github.com/pb33f/libopenapi/datamodel/low/base/schema.go:884.21,887.3 2 1
github.com/pb33f/libopenapi/datamodel/low/base/schema.go:888.2,888.26 1 1
github.com/pb33f/libopenapi/datamodel/low/base/schema.go:888.26,891.3 2 1
github.com/pb33f/libopenapi/datamodel/low/base/schema.go:892.2,892.39 1 1
github.com/pb33f/libopenapi/datamodel/low/base/schema.go:892.39,895.3 2 1
github.com/pb33f/libopenapi/datamodel/low/base/schema.go:896.2,896.21 1 1
github.com/pb33f/libopenapi/datamodel/low/base/schema.go:896.21,899.3 2 1
github.com/pb33f/libopenapi/datamodel/low/base/schema.go:900.2,900.23 1 1
github.com/pb33f/libopenapi/datamodel/low/base/schema.go:900.23,903.3 2 1
github.com/pb33f/libopenapi/datamodel/low/base/schema.go:904.2,904.23 1 1
github.com/pb33f/libopenapi/datamodel/low/base/schema.go:904.23,907.3 2 1
github.com/pb33f/libopenapi/datamodel/low/base/schema.go:908.2,908.27 1 1
github.com/pb33f/libopenapi/datamodel/low/base/schema.go:908.27,911.3 2 1
github.com/pb33f/libopenapi/datamodel/low/base/schema.go:912.2,912.29 1 1
github.com/pb33f/libopenapi/datamodel/low/base/schema.go:912.29,915.3 2 1
github.com/pb33f/libopenapi/datamodel/low/base/schema.go:916.2,916.46 1 1
github.com/pb33f/libopenapi/datamodel/low/base/schema.go:916.46,919.3 2 1
github.com/pb33f/libopenapi/datamodel/low/base/schema.go:921.2,922.34 2 1
github.com/pb33f/libopenapi/datamodel/low/base/schema.go:922.34,923.10 1 1
github.com/pb33f/libopenapi/datamodel/low/base/schema.go:924.25,925.12 1 1
github.com/pb33f/libopenapi/datamodel/low/base/schema.go:926.25,928.30 2 1
github.com/pb33f/libopenapi/datamodel/low/base/schema.go:929.25,931.30 2 1
github.com/pb33f/libopenapi/datamodel/low/base/schema.go:932.25,934.30 2 1
github.com/pb33f/libopenapi/datamodel/low/base/schema.go:935.25,937.15 2 1
github.com/pb33f/libopenapi/datamodel/low/base/schema.go:938.31,940.42 2 1
github.com/pb33f/libopenapi/datamodel/low/base/schema.go:941.23,943.13 2 1
github.com/pb33f/libopenapi/datamodel/low/base/schema.go:944.28,946.18 2 1
github.com/pb33f/libopenapi/datamodel/low/base/schema.go:947.22,949.13 2 1
github.com/pb33f/libopenapi/datamodel/low/base/schema.go:950.24,952.15 2 1
github.com/pb33f/libopenapi/datamodel/low/base/schema.go:953.24,955.15 2 1
github.com/pb33f/libopenapi/datamodel/low/base/schema.go:956.29,958.23 2 1
github.com/pb33f/libopenapi/datamodel/low/base/schema.go:959.31,961.21 2 1
github.com/pb33f/libopenapi/datamodel/low/base/schema.go:962.31,964.26 2 1
github.com/pb33f/libopenapi/datamodel/low/base/schema.go:968.2,968.20 1 1
github.com/pb33f/libopenapi/datamodel/low/base/schema.go:968.20,974.3 1 1
github.com/pb33f/libopenapi/datamodel/low/base/schema.go:975.2,975.20 1 1
github.com/pb33f/libopenapi/datamodel/low/base/schema.go:975.20,981.3 1 1
github.com/pb33f/libopenapi/datamodel/low/base/schema.go:982.2,982.20 1 1
github.com/pb33f/libopenapi/datamodel/low/base/schema.go:982.20,988.3 1 1
github.com/pb33f/libopenapi/datamodel/low/base/schema.go:989.2,989.20 1 1
github.com/pb33f/libopenapi/datamodel/low/base/schema.go:989.20,995.3 1 1
github.com/pb33f/libopenapi/datamodel/low/base/schema.go:996.2,996.38 1 1
github.com/pb33f/libopenapi/datamodel/low/base/schema.go:996.38,1004.3 1 1
github.com/pb33f/libopenapi/datamodel/low/base/schema.go:1005.2,1005.26 1 1
github.com/pb33f/libopenapi/datamodel/low/base/schema.go:1005.26,1011.3 1 1
github.com/pb33f/libopenapi/datamodel/low/base/schema.go:1012.2,1012.25 1 1
github.com/pb33f/libopenapi/datamodel/low/base/schema.go:1012.25,1018.3 1 1
github.com/pb33f/libopenapi/datamodel/low/base/schema.go:1019.2,1019.20 1 1
github.com/pb33f/libopenapi/datamodel/low/base/schema.go:1019.20,1025.3 1 1
github.com/pb33f/libopenapi/datamodel/low/base/schema.go:1026.2,1026.22 1 1
github.com/pb33f/libopenapi/datamodel/low/base/schema.go:1026.22,1032.3 1 1
github.com/pb33f/libopenapi/datamodel/low/base/schema.go:1033.2,1033.22 1 1
github.com/pb33f/libopenapi/datamodel/low/base/schema.go:1033.22,1039.3 1 1
github.com/pb33f/libopenapi/datamodel/low/base/schema.go:1040.2,1040.30 1 1
[...]
github.com/pb33f/libopenapi/index/spec_index.go:639.2,639.35 1 1
github.com/pb33f/libopenapi/index/spec_index.go:643.51,644.23 1 1
github.com/pb33f/libopenapi/index/spec_index.go:644.23,646.3 1 1
github.com/pb33f/libopenapi/index/spec_index.go:648.2,648.32 1 1
github.com/pb33f/libopenapi/index/spec_index.go:648.32,650.3 1 1
github.com/pb33f/libopenapi/index/spec_index.go:653.2,653.38 1 1
github.com/pb33f/libopenapi/index/spec_index.go:653.38,654.23 1 1
github.com/pb33f/libopenapi/index/spec_index.go:654.23,660.20 3 1
github.com/pb33f/libopenapi/index/spec_index.go:660.20,661.41 1 1
github.com/pb33f/libopenapi/index/spec_index.go:661.41,662.31 1 1
github.com/pb33f/libopenapi/index/spec_index.go:662.31,669.39 2 1
github.com/pb33f/libopenapi/index/spec_index.go:669.39,671.8 1 1
github.com/pb33f/libopenapi/index/spec_index.go:672.7,672.49 1 1
github.com/pb33f/libopenapi/index/spec_index.go:672.49,674.8 1 1
github.com/pb33f/libopenapi/index/spec_index.go:675.7,676.31 2 1
github.com/pb33f/libopenapi/index/spec_index.go:683.2,683.31 1 1
github.com/pb33f/libopenapi/index/spec_index.go:687.52,689.2 1 1
github.com/pb33f/libopenapi/index/spec_index.go:692.55,693.23 1 1
github.com/pb33f/libopenapi/index/spec_index.go:693.23,695.3 1 1
github.com/pb33f/libopenapi/index/spec_index.go:697.2,697.27 1 1
github.com/pb33f/libopenapi/index/spec_index.go:697.27,699.3 1 1
github.com/pb33f/libopenapi/index/spec_index.go:701.2,701.50 1 1
github.com/pb33f/libopenapi/index/spec_index.go:701.50,702.15 1 1
github.com/pb33f/libopenapi/index/spec_index.go:702.15,705.28 1 1
github.com/pb33f/libopenapi/index/spec_index.go:705.28,707.49 2 1
github.com/pb33f/libopenapi/index/spec_index.go:707.49,709.52 2 1
github.com/pb33f/libopenapi/index/spec_index.go:709.52,718.7 2 1
github.com/pb33f/libopenapi/index/spec_index.go:723.4,723.29 1 1
github.com/pb33f/libopenapi/index/spec_index.go:723.29,725.49 2 1
github.com/pb33f/libopenapi/index/spec_index.go:725.49,727.54 2 1
github.com/pb33f/libopenapi/index/spec_index.go:727.54,728.31 1 1
github.com/pb33f/libopenapi/index/spec_index.go:728.31,737.8 3 1
github.com/pb33f/libopenapi/index/spec_index.go:742.4,742.31 1 1
github.com/pb33f/libopenapi/index/spec_index.go:742.31,756.27 10 1
github.com/pb33f/libopenapi/index/spec_index.go:756.27,760.6 3 1
github.com/pb33f/libopenapi/index/spec_index.go:763.5,763.30 1 1
github.com/pb33f/libopenapi/index/spec_index.go:763.30,768.6 4 1
github.com/pb33f/libopenapi/index/spec_index.go:771.5,771.33 1 1
github.com/pb33f/libopenapi/index/spec_index.go:771.33,774.6 2 1
github.com/pb33f/libopenapi/index/spec_index.go:777.5,777.29 1 1
github.com/pb33f/libopenapi/index/spec_index.go:777.29,780.6 2 1
github.com/pb33f/libopenapi/index/spec_index.go:783.5,783.35 1 1
github.com/pb33f/libopenapi/index/spec_index.go:783.35,786.6 2 1
github.com/pb33f/libopenapi/index/spec_index.go:789.5,789.27 1 1
github.com/pb33f/libopenapi/index/spec_index.go:789.27,792.6 2 1
github.com/pb33f/libopenapi/index/spec_index.go:795.5,795.28 1 1
github.com/pb33f/libopenapi/index/spec_index.go:795.28,798.6 2 1
github.com/pb33f/libopenapi/index/spec_index.go:801.5,801.25 1 1
github.com/pb33f/libopenapi/index/spec_index.go:801.25,804.6 2 1
github.com/pb33f/libopenapi/index/spec_index.go:807.5,807.29 1 1
github.com/pb33f/libopenapi/index/spec_index.go:807.29,810.6 2 1
github.com/pb33f/libopenapi/index/spec_index.go:815.4,815.32 1 1
github.com/pb33f/libopenapi/index/spec_index.go:815.32,817.27 2 1
github.com/pb33f/libopenapi/index/spec_index.go:817.27,823.6 3 1
github.com/pb33f/libopenapi/index/spec_index.go:827.4,827.31 1 1
github.com/pb33f/libopenapi/index/spec_index.go:827.31,829.30 2 1
github.com/pb33f/libopenapi/index/spec_index.go:829.30,835.6 4 1
github.com/pb33f/libopenapi/index/spec_index.go:838.4,838.30 1 1
github.com/pb33f/libopenapi/index/spec_index.go:838.30,840.29 2 1
github.com/pb33f/libopenapi/index/spec_index.go:840.29,845.6 2 1
github.com/pb33f/libopenapi/index/spec_index.go:848.4,848.40 1 1
github.com/pb33f/libopenapi/index/spec_index.go:848.40,850.39 2 1
github.com/pb33f/libopenapi/index/spec_index.go:850.39,855.6 2 1
github.com/pb33f/libopenapi/index/spec_index.go:860.2,860.26 1 1
github.com/pb33f/libopenapi/index/spec_index.go:864.58,865.23 1 1
github.com/pb33f/libopenapi/index/spec_index.go:865.23,867.3 1 1
github.com/pb33f/libopenapi/index/spec_index.go:869.2,869.35 1 1
github.com/pb33f/libopenapi/index/spec_index.go:869.35,871.3 1 1
github.com/pb33f/libopenapi/index/spec_index.go:873.2,873.50 1 1
github.com/pb33f/libopenapi/index/spec_index.go:873.50,874.15 1 1
github.com/pb33f/libopenapi/index/spec_index.go:874.15,876.31 1 1
github.com/pb33f/libopenapi/index/spec_index.go:876.31,878.30 2 1
github.com/pb33f/libopenapi/index/spec_index.go:878.30,883.6 4 1
github.com/pb33f/libopenapi/index/spec_index.go:886.4,886.31 1 1
github.com/pb33f/libopenapi/index/spec_index.go:886.31,888.30 2 1
github.com/pb33f/libopenapi/index/spec_index.go:888.30,893.6 4 1
github.com/pb33f/libopenapi/index/spec_index.go:897.2,897.34 1 1
github.com/pb33f/libopenapi/index/spec_index.go:901.49,902.23 1 1
github.com/pb33f/libopenapi/index/spec_index.go:902.23,904.3 1 1
github.com/pb33f/libopenapi/index/spec_index.go:906.2,906.28 1 1
github.com/pb33f/libopenapi/index/spec_index.go:906.28,908.3 1 1
github.com/pb33f/libopenapi/index/spec_index.go:910.2,910.30 1 1
github.com/pb33f/libopenapi/index/spec_index.go:910.30,912.3 1 1
github.com/pb33f/libopenapi/index/spec_index.go:914.2,916.44 2 1
github.com/pb33f/libopenapi/index/spec_index.go:916.44,917.15 1 1
github.com/pb33f/libopenapi/index/spec_index.go:917.15,920.42 2 1
github.com/pb33f/libopenapi/index/spec_index.go:920.42,922.5 1 1
github.com/pb33f/libopenapi/index/spec_index.go:922.10,924.5 1 1
github.com/pb33f/libopenapi/index/spec_index.go:927.4,927.37 1 1
github.com/pb33f/libopenapi/index/spec_index.go:927.37,928.17 1 1
github.com/pb33f/libopenapi/index/spec_index.go:928.17,932.45 2 1
github.com/pb33f/libopenapi/index/spec_index.go:932.45,933.32 1 1
github.com/pb33f/libopenapi/index/spec_index.go:933.32,935.8 1 1
github.com/pb33f/libopenapi/index/spec_index.go:937.6,937.15 1 1
github.com/pb33f/libopenapi/index/spec_index.go:937.15,946.41 3 1
github.com/pb33f/libopenapi/index/spec_index.go:946.41,948.8 1 1
github.com/pb33f/libopenapi/index/spec_index.go:949.7,952.16 3 1
github.com/pb33f/libopenapi/index/spec_index.go:959.2,960.16 2 1
github.com/pb33f/libopenapi/index/spec_index.go:966.59,967.23 1 1
github.com/pb33f/libopenapi/index/spec_index.go:967.23,969.3 1 1
github.com/pb33f/libopenapi/index/spec_index.go:971.2,971.28 1 1
github.com/pb33f/libopenapi/index/spec_index.go:971.28,973.3 1 1
github.com/pb33f/libopenapi/index/spec_index.go:975.2,975.35 1 1
github.com/pb33f/libopenapi/index/spec_index.go:975.35,977.3 1 1
github.com/pb33f/libopenapi/index/spec_index.go:983.2,983.55 1 1
github.com/pb33f/libopenapi/index/spec_index.go:983.55,984.15 1 1
github.com/pb33f/libopenapi/index/spec_index.go:984.15,987.42 2 1
github.com/pb33f/libopenapi/index/spec_index.go:987.42,989.5 1 1
github.com/pb33f/libopenapi/index/spec_index.go:989.10,991.5 1 1
github.com/pb33f/libopenapi/index/spec_index.go:994.4,994.50 1 1
github.com/pb33f/libopenapi/index/spec_index.go:994.50,995.17 1 1
github.com/pb33f/libopenapi/index/spec_index.go:995.17,998.33 1 1
github.com/pb33f/libopenapi/index/spec_index.go:998.33,1000.57 2 1
github.com/pb33f/libopenapi/index/spec_index.go:1000.57,1002.8 1 1
github.com/pb33f/libopenapi/index/spec_index.go:1003.7,1004.53 2 1
github.com/pb33f/libopenapi/index/spec_index.go:1004.53,1013.8 2 1
github.com/pb33f/libopenapi/index/spec_index.go:1014.7,1014.66 1 1
github.com/pb33f/libopenapi/index/spec_index.go:1018.6,1018.36 1 1
github.com/pb33f/libopenapi/index/spec_index.go:1018.36,1023.7 2 1
github.com/pb33f/libopenapi/index/spec_index.go:1026.6,1026.34 1 1
github.com/pb33f/libopenapi/index/spec_index.go:1026.34,1027.76 1 1
github.com/pb33f/libopenapi/index/spec_index.go:1027.76,1028.20 1 1
github.com/pb33f/libopenapi/index/spec_index.go:1028.20,1029.49 1 1
github.com/pb33f/libopenapi/index/spec_index.go:1029.49,1032.10 2 1
github.com/pb33f/libopenapi/index/spec_index.go:1035.9,1035.43 1 1
github.com/pb33f/libopenapi/index/spec_index.go:1035.43,1038.64 2 1
github.com/pb33f/libopenapi/index/spec_index.go:1038.64,1040.11 1 1
github.com/pb33f/libopenapi/index/spec_index.go:1042.10,1043.46 2 1
github.com/pb33f/libopenapi/index/spec_index.go:1043.46,1050.11 2 1
github.com/pb33f/libopenapi/index/spec_index.go:1051.10,1051.75 1 1
github.com/pb33f/libopenapi/index/spec_index.go:1055.9,1055.50 1 1
github.com/pb33f/libopenapi/index/spec_index.go:1055.50,1062.71 3 1
github.com/pb33f/libopenapi/index/spec_index.go:1062.71,1064.11 1 1
github.com/pb33f/libopenapi/index/spec_index.go:1066.10,1066.78 1 1
github.com/pb33f/libopenapi/index/spec_index.go:1068.9,1068.46 1 1
github.com/pb33f/libopenapi/index/spec_index.go:1068.46,1076.67 3 1
github.com/pb33f/libopenapi/index/spec_index.go:1076.67,1078.11 1 1
github.com/pb33f/libopenapi/index/spec_index.go:1080.10,1080.74 1 1
github.com/pb33f/libopenapi/index/spec_index.go:1084.9,1084.46 1 1
github.com/pb33f/libopenapi/index/spec_index.go:1084.46,1088.56 3 1
github.com/pb33f/libopenapi/index/spec_index.go:1088.56,1097.11 2 1
github.com/pb33f/libopenapi/index/spec_index.go:1099.10,1099.60 1 1
github.com/pb33f/libopenapi/index/spec_index.go:1099.60,1101.11 1 1
github.com/pb33f/libopenapi/index/spec_index.go:1103.10,1103.74 1 1
github.com/pb33f/libopenapi/index/spec_index.go:1116.2,1116.50 1 1
github.com/pb33f/libopenapi/index/spec_index.go:1116.50,1117.44 1 1
github.com/pb33f/libopenapi/index/spec_index.go:1117.44,1120.4 2 1
github.com/pb33f/libopenapi/index/spec_index.go:1125.2,1125.46 1 1
github.com/pb33f/libopenapi/index/spec_index.go:1125.46,1126.37 1 1
github.com/pb33f/libopenapi/index/spec_index.go:1126.37,1127.38 1 1
github.com/pb33f/libopenapi/index/spec_index.go:1127.38,1128.39 1 1
github.com/pb33f/libopenapi/index/spec_index.go:1128.39,1130.28 2 1
github.com/pb33f/libopenapi/index/spec_index.go:1130.28,1131.27 1 1
github.com/pb33f/libopenapi/index/spec_index.go:1131.27,1133.21 2 1
github.com/pb33f/libopenapi/index/spec_index.go:1133.21,1135.9 1 1
github.com/pb33f/libopenapi/index/spec_index.go:1135.14,1137.9 1 1
github.com/pb33f/libopenapi/index/spec_index.go:1145.2,1146.34 2 1
github.com/pb33f/libopenapi/index/spec_index.go:1150.60,1151.51 1 1
github.com/pb33f/libopenapi/index/spec_index.go:1151.51,1153.3 1 1
github.com/pb33f/libopenapi/index/spec_index.go:1154.2,1156.15 3 1
github.com/pb33f/libopenapi/index/spec_index.go:1160.57,1162.2 1 1
github.com/pb33f/libopenapi/index/spec_index.go:1165.55,1167.2 1 1
github.com/pb33f/libopenapi/index/spec_index.go:1170.52,1172.2 1 1
github.com/pb33f/libopenapi/index/spec_index.go:1176.81,1177.66 1 1
github.com/pb33f/libopenapi/index/spec_index.go:1177.66,1179.3 1 1
github.com/pb33f/libopenapi/index/spec_index.go:1180.2,1181.14 2 1
github.com/pb33f/libopenapi/index/spec_index.go:1181.14,1183.3 1 1
github.com/pb33f/libopenapi/index/spec_index.go:1184.2,1184.19 1 1
github.com/pb33f/libopenapi/index/utility_methods.go:16.97,18.45 2 1
github.com/pb33f/libopenapi/index/utility_methods.go:18.45,19.15 1 1
github.com/pb33f/libopenapi/index/utility_methods.go:19.15,21.12 2 1
github.com/pb33f/libopenapi/index/utility_methods.go:24.3,33.49 3 1
github.com/pb33f/libopenapi/index/utility_methods.go:38.140,39.23 1 1
github.com/pb33f/libopenapi/index/utility_methods.go:39.23,41.3 1 1
github.com/pb33f/libopenapi/index/utility_methods.go:44.2,45.11 2 1
github.com/pb33f/libopenapi/index/utility_methods.go:45.11,46.41 1 1
github.com/pb33f/libopenapi/index/utility_methods.go:46.41,48.4 1 1
github.com/pb33f/libopenapi/index/utility_methods.go:52.2,53.28 2 1
github.com/pb33f/libopenapi/index/utility_methods.go:53.28,55.3 1 1
github.com/pb33f/libopenapi/index/utility_methods.go:57.2,58.30 2 1
github.com/pb33f/libopenapi/index/utility_methods.go:58.30,61.3 1 1
github.com/pb33f/libopenapi/index/utility_methods.go:63.2,64.50 2 1
github.com/pb33f/libopenapi/index/utility_methods.go:64.50,65.15 1 1
github.com/pb33f/libopenapi/index/utility_methods.go:65.15,67.12 2 1
github.com/pb33f/libopenapi/index/utility_methods.go:71.3,72.36 2 1
github.com/pb33f/libopenapi/index/utility_methods.go:72.36,74.4 1 1
github.com/pb33f/libopenapi/index/utility_methods.go:77.3,77.59 1 1
github.com/pb33f/libopenapi/index/utility_methods.go:77.59,79.21 2 1
github.com/pb33f/libopenapi/index/utility_methods.go:79.21,80.47 1 1
github.com/pb33f/libopenapi/index/utility_methods.go:80.47,82.6 1 1
github.com/pb33f/libopenapi/index/utility_methods.go:88.2,88.63 1 1
github.com/pb33f/libopenapi/index/utility_methods.go:88.63,90.33 2 1
github.com/pb33f/libopenapi/index/utility_methods.go:90.33,91.12 1 0
github.com/pb33f/libopenapi/index/utility_methods.go:94.3,94.119 1 1
github.com/pb33f/libopenapi/index/utility_methods.go:97.2,97.20 1 1
github.com/pb33f/libopenapi/index/utility_methods.go:101.162,103.12 2 1
github.com/pb33f/libopenapi/index/utility_methods.go:103.12,105.22 2 1
github.com/pb33f/libopenapi/index/utility_methods.go:105.22,107.4 1 1
github.com/pb33f/libopenapi/index/utility_methods.go:110.2,110.24 1 1
github.com/pb33f/libopenapi/index/utility_methods.go:110.24,112.3 1 1
github.com/pb33f/libopenapi/index/utility_methods.go:114.2,114.40 1 1
github.com/pb33f/libopenapi/index/utility_methods.go:114.40,116.3 1 1
github.com/pb33f/libopenapi/index/utility_methods.go:117.2,119.20 2 1
github.com/pb33f/libopenapi/index/utility_methods.go:122.94,124.43 2 1
github.com/pb33f/libopenapi/index/utility_methods.go:124.43,125.15 1 1
github.com/pb33f/libopenapi/index/utility_methods.go:125.15,127.12 2 1
github.com/pb33f/libopenapi/index/utility_methods.go:129.3,135.33 3 1
github.com/pb33f/libopenapi/index/utility_methods.go:139.104,141.51 2 1
github.com/pb33f/libopenapi/index/utility_methods.go:141.51,142.15 1 1
github.com/pb33f/libopenapi/index/utility_methods.go:142.15,144.12 2 1
github.com/pb33f/libopenapi/index/utility_methods.go:146.3,152.36 3 1
github.com/pb33f/libopenapi/index/utility_methods.go:156.96,158.49 2 1
github.com/pb33f/libopenapi/index/utility_methods.go:158.49,159.15 1 1
github.com/pb33f/libopenapi/index/utility_methods.go:159.15,161.12 2 1
github.com/pb33f/libopenapi/index/utility_methods.go:163.3,169.32 3 1
github.com/pb33f/libopenapi/index/utility_methods.go:173.92,175.45 2 1
github.com/pb33f/libopenapi/index/utility_methods.go:175.45,176.15 1 1
github.com/pb33f/libopenapi/index/utility_methods.go:176.15,178.12 2 1
github.com/pb33f/libopenapi/index/utility_methods.go:180.3,186.30 3 1
github.com/pb33f/libopenapi/index/utility_methods.go:190.96,192.49 2 1
github.com/pb33f/libopenapi/index/utility_methods.go:192.49,193.15 1 1
github.com/pb33f/libopenapi/index/utility_methods.go:193.15,195.12 2 1
github.com/pb33f/libopenapi/index/utility_methods.go:197.3,203.32 3 1
github.com/pb33f/libopenapi/index/utility_methods.go:207.88,209.41 2 1
github.com/pb33f/libopenapi/index/utility_methods.go:209.41,210.15 1 1
github.com/pb33f/libopenapi/index/utility_methods.go:210.15,212.12 2 1
github.com/pb33f/libopenapi/index/utility_methods.go:214.3,220.28 3 1
github.com/pb33f/libopenapi/index/utility_methods.go:224.94,226.47 2 1
github.com/pb33f/libopenapi/index/utility_methods.go:226.47,227.15 1 1
github.com/pb33f/libopenapi/index/utility_methods.go:227.15,229.12 2 1
github.com/pb33f/libopenapi/index/utility_methods.go:231.3,237.31 3 1
github.com/pb33f/libopenapi/index/utility_methods.go:241.108,243.56 2 1
github.com/pb33f/libopenapi/index/utility_methods.go:243.56,244.15 1 1
github.com/pb33f/libopenapi/index/utility_methods.go:244.15,246.12 2 1
github.com/pb33f/libopenapi/index/utility_methods.go:248.3,256.38 3 1
github.com/pb33f/libopenapi/index/utility_methods.go:260.59,261.48 1 1
github.com/pb33f/libopenapi/index/utility_methods.go:261.48,263.3 1 1
github.com/pb33f/libopenapi/index/utility_methods.go:264.2,265.52 2 1
github.com/pb33f/libopenapi/index/utility_methods.go:265.52,266.18 1 1
github.com/pb33f/libopenapi/index/utility_methods.go:266.18,268.4 1 1
github.com/pb33f/libopenapi/index/utility_methods.go:270.2,271.15 2 1
github.com/pb33f/libopenapi/index/utility_methods.go:274.106,275.31 1 1
github.com/pb33f/libopenapi/index/utility_methods.go:275.31,277.65 1 1
github.com/pb33f/libopenapi/index/utility_methods.go:277.65,282.52 3 1
github.com/pb33f/libopenapi/index/utility_methods.go:282.52,286.5 2 1
github.com/pb33f/libopenapi/index/utility_methods.go:288.4,288.60 1 1
github.com/pb33f/libopenapi/index/utility_methods.go:288.60,290.5 1 1
github.com/pb33f/libopenapi/index/utility_methods.go:293.4,293.74 1 1
github.com/pb33f/libopenapi/index/utility_methods.go:293.74,295.24 2 1
github.com/pb33f/libopenapi/index/utility_methods.go:295.24,297.6 1 1
github.com/pb33f/libopenapi/index/utility_methods.go:299.5,304.7 1 1
github.com/pb33f/libopenapi/index/utility_methods.go:305.10,306.24 1 1
github.com/pb33f/libopenapi/index/utility_methods.go:306.24,309.6 1 1
github.com/pb33f/libopenapi/index/utility_methods.go:312.4,312.12 1 1
github.com/pb33f/libopenapi/index/utility_methods.go:314.9,320.23 3 1
github.com/pb33f/libopenapi/index/utility_methods.go:320.23,322.5 1 1
github.com/pb33f/libopenapi/index/utility_methods.go:324.4,324.17 1 1
github.com/pb33f/libopenapi/index/utility_methods.go:324.17,331.13 2 1
github.com/pb33f/libopenapi/index/utility_methods.go:334.4,340.52 2 1
github.com/pb33f/libopenapi/index/utility_methods.go:340.52,343.5 2 1
github.com/pb33f/libopenapi/index/utility_methods.go:346.4,346.60 1 1
github.com/pb33f/libopenapi/index/utility_methods.go:346.60,348.5 1 1
github.com/pb33f/libopenapi/index/utility_methods.go:351.4,351.72 1 1
github.com/pb33f/libopenapi/index/utility_methods.go:351.72,357.42 4 1
github.com/pb33f/libopenapi/index/utility_methods.go:357.42,361.80 2 1
github.com/pb33f/libopenapi/index/utility_methods.go:361.80,364.26 2 1
github.com/pb33f/libopenapi/index/utility_methods.go:364.26,366.8 1 1
github.com/pb33f/libopenapi/index/utility_methods.go:368.7,373.9 1 1
github.com/pb33f/libopenapi/index/utility_methods.go:374.12,377.7 1 1
github.com/pb33f/libopenapi/index/utility_methods.go:379.10,382.5 1 1
github.com/pb33f/libopenapi/index/utility_methods.go:383.4,383.12 1 1
github.com/pb33f/libopenapi/index/utility_methods.go:388.63,389.30 1 1
github.com/pb33f/libopenapi/index/utility_methods.go:389.30,390.46 1 1
github.com/pb33f/libopenapi/index/utility_methods.go:390.46,393.4 2 1
github.com/pb33f/libopenapi/index/utility_methods.go:397.92,406.18 5 1
github.com/pb33f/libopenapi/index/utility_methods.go:406.18,408.3 1 1
github.com/pb33f/libopenapi/index/utility_methods.go:412.2,412.34 1 1
github.com/pb33f/libopenapi/index/utility_methods.go:412.34,413.26 1 1
github.com/pb33f/libopenapi/index/utility_methods.go:413.26,414.26 1 1
github.com/pb33f/libopenapi/index/utility_methods.go:414.26,416.26 1 1
github.com/pb33f/libopenapi/index/utility_methods.go:416.26,418.6 1 1
github.com/pb33f/libopenapi/index/utility_methods.go:419.10,421.5 1 1
github.com/pb33f/libopenapi/index/utility_methods.go:423.3,423.98 1 1
github.com/pb33f/libopenapi/index/utility_methods.go:424.8,425.38 1 1
github.com/pb33f/libopenapi/index/utility_methods.go:425.38,426.45 1 1
github.com/pb33f/libopenapi/index/utility_methods.go:426.45,428.5 1 1
github.com/pb33f/libopenapi/index/utility_methods.go:429.9,431.4 1 1
github.com/pb33f/libopenapi/index/utility_methods.go:433.2,434.61 2 1
github.com/pb33f/libopenapi/index/utility_methods.go:434.61,436.3 1 1
github.com/pb33f/libopenapi/index/utility_methods.go:436.8,437.42 1 1
github.com/pb33f/libopenapi/index/utility_methods.go:437.42,439.4 1 1
github.com/pb33f/libopenapi/index/utility_methods.go:439.9,441.4 1 1
github.com/pb33f/libopenapi/index/utility_methods.go:444.2,444.31 1 1
github.com/pb33f/libopenapi/index/utility_methods.go:444.31,446.3 1 1
github.com/pb33f/libopenapi/index/utility_methods.go:447.2,447.10 1 1
